============================================================
Time  2022/05/28 17:31:17 220 
============================================================
[2022/05/28 17:31:17 220] isr        1659 isr loaded!  
[2022/05/28 17:31:17 221] isr        1642 SYS_MSG_REGCB param0 =   msp_status_cb  param1 =   func(26a0cb8) 
[2022/05/28 17:31:17 221] isr        1537 ASR_MSG_SSB  
[2022/05/28 17:31:17 221] isr        1066 session_begin() [in], params:   sub = iat, domain = iat, language = zh_cn, accent = mandarin, sample_rate = 16000, result_type = plain, result_encoding = gb2312Íýýýý  nil  
[2022/05/28 17:31:17 221] isr        927  vad_set [in]  
[2022/05/28 17:31:17 221] isr        962  vad_enable :  true  
[2022/05/28 17:31:17 221] isr        980  vad_bos :  10000  
[2022/05/28 17:31:17 223] isr        981  vad_eos :  2000  
[2022/05/28 17:31:17 223] isr        886  enable_vad [in]  
[2022/05/28 17:31:17 223] isr        918  vad enabled!  2000  10000  
[2022/05/28 17:31:17 223] isr        921  enable_vad [out]  
[2022/05/28 17:31:17 223] isr        987  vad_set [out] | ret =  0  
[2022/05/28 17:31:17 223] isr        1187 cur_engine_type =   cloud  
[2022/05/28 17:31:17 223] isr        1001 cloud_session_begin  
[2022/05/28 17:31:17 223] isr        1013 unknown  
[2022/05/28 17:31:17 440] isr        1547 ASR_MSG_AUW,   cloud  
[2022/05/28 17:31:17 440] isr        1559 6400  1  
[2022/05/28 17:31:17 440] isr        1569 once_bytes:   6400  
[2022/05/28 17:31:17 444] isr        851  [aud] speech start  
[2022/05/28 17:31:17 444] isr        798  1  msc  
[2022/05/28 17:31:17 641] isr        1547 ASR_MSG_AUW,   cloud  
[2022/05/28 17:31:17 641] isr        1559 6400  2  
[2022/05/28 17:31:17 663] isr        700  cloud_status_cb, eps:  1  
[2022/05/28 17:31:17 663] isr        798  1  cloud  
[2022/05/28 17:31:17 663] isr        813  cloud eps ignored  
[2022/05/28 17:31:17 841] isr        1547 ASR_MSG_AUW,   cloud  
[2022/05/28 17:31:17 841] isr        1559 6400  2  
[2022/05/28 17:31:18 039] isr        1547 ASR_MSG_AUW,   cloud  
[2022/05/28 17:31:18 039] isr        1559 6400  2  
[2022/05/28 17:31:18 240] isr        1547 ASR_MSG_AUW,   cloud  
[2022/05/28 17:31:18 240] isr        1559 6400  2  
[2022/05/28 17:31:18 441] isr        1547 ASR_MSG_AUW,   cloud  
[2022/05/28 17:31:18 441] isr        1559 6400  2  
[2022/05/28 17:31:18 641] isr        1547 ASR_MSG_AUW,   cloud  
[2022/05/28 17:31:18 641] isr        1559 6400  2  
[2022/05/28 17:31:18 841] isr        1547 ASR_MSG_AUW,   cloud  
[2022/05/28 17:31:18 841] isr        1559 6400  2  
[2022/05/28 17:31:19 040] isr        1547 ASR_MSG_AUW,   cloud  
[2022/05/28 17:31:19 040] isr        1559 6400  2  
[2022/05/28 17:31:19 240] isr        1547 ASR_MSG_AUW,   cloud  
[2022/05/28 17:31:19 240] isr        1559 6400  2  
[2022/05/28 17:31:19 440] isr        1547 ASR_MSG_AUW,   cloud  
[2022/05/28 17:31:19 440] isr        1559 6400  2  
[2022/05/28 17:31:19 640] isr        1547 ASR_MSG_AUW,   cloud  
[2022/05/28 17:31:19 640] isr        1559 6400  2  
[2022/05/28 17:31:19 841] isr        1547 ASR_MSG_AUW,   cloud  
[2022/05/28 17:31:19 841] isr        1559 6400  2  
[2022/05/28 17:31:20 040] isr        1547 ASR_MSG_AUW,   cloud  
[2022/05/28 17:31:20 040] isr        1559 6400  2  
[2022/05/28 17:31:20 240] isr        1547 ASR_MSG_AUW,   cloud  
[2022/05/28 17:31:20 240] isr        1559 6400  2  
[2022/05/28 17:31:20 440] isr        1547 ASR_MSG_AUW,   cloud  
[2022/05/28 17:31:20 440] isr        1559 6400  2  
[2022/05/28 17:31:20 641] isr        1547 ASR_MSG_AUW,   cloud  
[2022/05/28 17:31:20 641] isr        1559 6400  2  
[2022/05/28 17:31:20 842] isr        1547 ASR_MSG_AUW,   cloud  
[2022/05/28 17:31:20 842] isr        1559 6400  2  
[2022/05/28 17:31:21 040] isr        1547 ASR_MSG_AUW,   cloud  
[2022/05/28 17:31:21 040] isr        1559 6400  2  
[2022/05/28 17:31:21 240] isr        1547 ASR_MSG_AUW,   cloud  
[2022/05/28 17:31:21 240] isr        1559 6400  2  
[2022/05/28 17:31:21 441] isr        1547 ASR_MSG_AUW,   cloud  
[2022/05/28 17:31:21 441] isr        1559 6400  2  
[2022/05/28 17:31:21 641] isr        1547 ASR_MSG_AUW,   cloud  
[2022/05/28 17:31:21 641] isr        1559 6400  2  
[2022/05/28 17:31:21 841] isr        1547 ASR_MSG_AUW,   cloud  
[2022/05/28 17:31:21 841] isr        1559 6400  2  
[2022/05/28 17:31:22 040] isr        1547 ASR_MSG_AUW,   cloud  
[2022/05/28 17:31:22 040] isr        1559 6400  2  
[2022/05/28 17:31:22 240] isr        1547 ASR_MSG_AUW,   cloud  
[2022/05/28 17:31:22 240] isr        1559 6400  2  
[2022/05/28 17:31:22 441] isr        1547 ASR_MSG_AUW,   cloud  
[2022/05/28 17:31:22 441] isr        1559 6400  2  
[2022/05/28 17:31:22 641] isr        1547 ASR_MSG_AUW,   cloud  
[2022/05/28 17:31:22 641] isr        1559 6400  2  
[2022/05/28 17:31:22 752] isr        1547 ASR_MSG_AUW,   cloud  
[2022/05/28 17:31:22 752] isr        1559 3458  2  
[2022/05/28 17:31:22 765] isr        1547 ASR_MSG_AUW,   cloud  
[2022/05/28 17:31:22 766] isr        1559 0  4  
[2022/05/28 17:31:22 766] isr        1592 aud end, USER  
[2022/05/28 17:31:22 773] isr        1636 ASR_MSG_GRSLT,   cloud  
[2022/05/28 17:31:22 773] isr        1335 0  nil  2  
[2022/05/28 17:31:22 776] isr        854  [aud] speech end  
[2022/05/28 17:31:22 778] isr        798  3  msc  
[2022/05/28 17:31:22 854] isr        700  cloud_status_cb, eps:  3  
[2022/05/28 17:31:22 854] isr        798  3  cloud  
[2022/05/28 17:31:22 855] isr        800  already speech end  
[2022/05/28 17:31:22 857] isr        662  cloud_rslt_cb status =   5  
[2022/05/28 17:31:22 857] isr        641  process_result call:  cloud  udata(3e77150) 5  nil  
[2022/05/28 17:31:22 857] isr        798  3  msc  
[2022/05/28 17:31:22 857] isr        800  already speech end  
[2022/05/28 17:31:22 888] isr        1636 ASR_MSG_GRSLT,   cloud  
[2022/05/28 17:31:22 888] isr        1335 0  udata(3e77150) 5  
[2022/05/28 17:31:22 997] isr        1639 ASR_MSG_SSE,   cloud  
[2022/05/28 17:31:22 997] isr        1356 session_end() [in]  
[2022/05/28 17:31:22 997] isr        1421 cloud_session_end() [in]  
[2022/05/28 17:31:23 000] isr        1488 ns_host=  open.xf-yun.com  
[2022/05/28 17:31:23 000] isr        1498 tick()mod=  69582531  
[2022/05/28 17:31:23 000] isr        1499 tick()=  69582531  
[2022/05/28 17:31:23 000] isr        1501 diff=  5594  
[2022/05/28 17:31:23 000] isr        1514 cloud_session_end() [out]  
[2022/05/28 17:31:23 000] isr        1667 isr unload!  
============================================================
Time  2022/05/28 17:37:15 552 
============================================================
[2022/05/28 17:37:15 552] isr        1659 isr loaded!  
[2022/05/28 17:37:15 553] isr        1642 SYS_MSG_REGCB param0 =   msp_status_cb  param1 =   func(357f230) 
[2022/05/28 17:37:15 553] isr        1537 ASR_MSG_SSB  
[2022/05/28 17:37:15 553] isr        1066 session_begin() [in], params:   sub = iat, domain = iat, language = zh_cn, accent = mandarin, sample_rate = 16000, result_type = plain, result_encoding = gb2312Íýýýý  nil  
[2022/05/28 17:37:15 553] isr        927  vad_set [in]  
[2022/05/28 17:37:15 553] isr        962  vad_enable :  true  
[2022/05/28 17:37:15 553] isr        980  vad_bos :  10000  
[2022/05/28 17:37:15 553] isr        981  vad_eos :  2000  
[2022/05/28 17:37:15 555] isr        886  enable_vad [in]  
[2022/05/28 17:37:15 555] isr        918  vad enabled!  2000  10000  
[2022/05/28 17:37:15 555] isr        921  enable_vad [out]  
[2022/05/28 17:37:15 555] isr        987  vad_set [out] | ret =  0  
[2022/05/28 17:37:15 555] isr        1187 cur_engine_type =   cloud  
[2022/05/28 17:37:15 555] isr        1001 cloud_session_begin  
[2022/05/28 17:37:15 555] isr        1013 unknown  
[2022/05/28 17:37:15 772] isr        1547 ASR_MSG_AUW,   cloud  
[2022/05/28 17:37:15 772] isr        1559 6400  1  
[2022/05/28 17:37:15 772] isr        1569 once_bytes:   6400  
[2022/05/28 17:37:15 775] isr        851  [aud] speech start  
[2022/05/28 17:37:15 775] isr        798  1  msc  
[2022/05/28 17:37:15 971] isr        1547 ASR_MSG_AUW,   cloud  
[2022/05/28 17:37:15 971] isr        1559 6400  2  
[2022/05/28 17:37:15 993] isr        700  cloud_status_cb, eps:  1  
[2022/05/28 17:37:15 993] isr        798  1  cloud  
[2022/05/28 17:37:15 993] isr        813  cloud eps ignored  
[2022/05/28 17:37:16 171] isr        1547 ASR_MSG_AUW,   cloud  
[2022/05/28 17:37:16 171] isr        1559 6400  2  
[2022/05/28 17:37:16 371] isr        1547 ASR_MSG_AUW,   cloud  
[2022/05/28 17:37:16 371] isr        1559 6400  2  
[2022/05/28 17:37:16 572] isr        1547 ASR_MSG_AUW,   cloud  
[2022/05/28 17:37:16 572] isr        1559 6400  2  
[2022/05/28 17:37:16 772] isr        1547 ASR_MSG_AUW,   cloud  
[2022/05/28 17:37:16 772] isr        1559 6400  2  
[2022/05/28 17:37:16 973] isr        1547 ASR_MSG_AUW,   cloud  
[2022/05/28 17:37:16 973] isr        1559 6400  2  
[2022/05/28 17:37:17 171] isr        1547 ASR_MSG_AUW,   cloud  
[2022/05/28 17:37:17 171] isr        1559 6400  2  
[2022/05/28 17:37:17 371] isr        1547 ASR_MSG_AUW,   cloud  
[2022/05/28 17:37:17 371] isr        1559 6400  2  
[2022/05/28 17:37:17 572] isr        1547 ASR_MSG_AUW,   cloud  
[2022/05/28 17:37:17 572] isr        1559 6400  2  
[2022/05/28 17:37:17 772] isr        1547 ASR_MSG_AUW,   cloud  
[2022/05/28 17:37:17 772] isr        1559 6400  2  
[2022/05/28 17:37:17 973] isr        1547 ASR_MSG_AUW,   cloud  
[2022/05/28 17:37:17 973] isr        1559 6400  2  
[2022/05/28 17:37:18 173] isr        1547 ASR_MSG_AUW,   cloud  
[2022/05/28 17:37:18 173] isr        1559 6400  2  
[2022/05/28 17:37:18 372] isr        1547 ASR_MSG_AUW,   cloud  
[2022/05/28 17:37:18 372] isr        1559 6400  2  
[2022/05/28 17:37:18 572] isr        1547 ASR_MSG_AUW,   cloud  
[2022/05/28 17:37:18 572] isr        1559 6400  2  
[2022/05/28 17:37:18 770] isr        1547 ASR_MSG_AUW,   cloud  
[2022/05/28 17:37:18 770] isr        1559 6400  2  
[2022/05/28 17:37:18 971] isr        1547 ASR_MSG_AUW,   cloud  
[2022/05/28 17:37:18 971] isr        1559 6400  2  
[2022/05/28 17:37:19 171] isr        1547 ASR_MSG_AUW,   cloud  
[2022/05/28 17:37:19 173] isr        1559 6400  2  
[2022/05/28 17:37:19 371] isr        1547 ASR_MSG_AUW,   cloud  
[2022/05/28 17:37:19 371] isr        1559 6400  2  
[2022/05/28 17:37:19 572] isr        1547 ASR_MSG_AUW,   cloud  
[2022/05/28 17:37:19 572] isr        1559 6400  2  
[2022/05/28 17:37:19 653] isr        1547 ASR_MSG_AUW,   cloud  
[2022/05/28 17:37:19 653] isr        1559 2498  2  
[2022/05/28 17:37:19 654] isr        1547 ASR_MSG_AUW,   cloud  
[2022/05/28 17:37:19 654] isr        1559 0  4  
[2022/05/28 17:37:19 654] isr        1592 aud end, USER  
[2022/05/28 17:37:19 657] isr        854  [aud] speech end  
[2022/05/28 17:37:19 658] isr        798  3  msc  
[2022/05/28 17:37:19 658] isr        1636 ASR_MSG_GRSLT,   cloud  
[2022/05/28 17:37:19 658] isr        1335 0  nil  2  
[2022/05/28 17:37:19 763] isr        1636 ASR_MSG_GRSLT,   cloud  
[2022/05/28 17:37:19 763] isr        1335 0  nil  2  
[2022/05/28 17:37:19 861] isr        700  cloud_status_cb, eps:  3  
[2022/05/28 17:37:19 861] isr        798  3  cloud  
[2022/05/28 17:37:19 861] isr        800  already speech end  
[2022/05/28 17:37:19 865] isr        662  cloud_rslt_cb status =   5  
[2022/05/28 17:37:19 865] isr        641  process_result call:  cloud  udata(4aead28) 5  nil  
[2022/05/28 17:37:19 865] isr        798  3  msc  
[2022/05/28 17:37:19 865] isr        800  already speech end  
[2022/05/28 17:37:19 872] isr        1636 ASR_MSG_GRSLT,   cloud  
[2022/05/28 17:37:19 872] isr        1335 0  udata(4aead28) 5  
[2022/05/28 17:37:19 980] isr        1639 ASR_MSG_SSE,   cloud  
[2022/05/28 17:37:19 980] isr        1356 session_end() [in]  
[2022/05/28 17:37:19 980] isr        1421 cloud_session_end() [in]  
[2022/05/28 17:37:19 982] isr        1488 ns_host=  open.xf-yun.com  
[2022/05/28 17:37:19 982] isr        1498 tick()mod=  69939515  
[2022/05/28 17:37:19 982] isr        1499 tick()=  69939515  
[2022/05/28 17:37:19 982] isr        1501 diff=  4265  
[2022/05/28 17:37:19 982] isr        1514 cloud_session_end() [out]  
[2022/05/28 17:37:19 983] isr        1667 isr unload!  
============================================================
Time  2022/05/28 17:38:58 874 
============================================================
[2022/05/28 17:38:58 874] isr        1659 isr loaded!  
[2022/05/28 17:38:58 874] isr        1642 SYS_MSG_REGCB param0 =   msp_status_cb  param1 =   func(2fafcb0) 
[2022/05/28 17:38:58 875] isr        1537 ASR_MSG_SSB  
[2022/05/28 17:38:58 875] isr        1066 session_begin() [in], params:   sub = iat, domain = iat, language = zh_cn, accent = mandarin, sample_rate = 16000, result_type = plain, result_encoding = gb2312Íýýýý  nil  
[2022/05/28 17:38:58 875] isr        927  vad_set [in]  
[2022/05/28 17:38:58 875] isr        962  vad_enable :  true  
[2022/05/28 17:38:58 875] isr        980  vad_bos :  10000  
[2022/05/28 17:38:58 875] isr        981  vad_eos :  2000  
[2022/05/28 17:38:58 875] isr        886  enable_vad [in]  
[2022/05/28 17:38:58 875] isr        918  vad enabled!  2000  10000  
[2022/05/28 17:38:58 875] isr        921  enable_vad [out]  
[2022/05/28 17:38:58 875] isr        987  vad_set [out] | ret =  0  
[2022/05/28 17:38:58 875] isr        1187 cur_engine_type =   cloud  
[2022/05/28 17:38:58 875] isr        1001 cloud_session_begin  
[2022/05/28 17:38:58 875] isr        1013 unknown  
[2022/05/28 17:38:59 092] isr        1547 ASR_MSG_AUW,   cloud  
[2022/05/28 17:38:59 092] isr        1559 6400  1  
[2022/05/28 17:38:59 092] isr        1569 once_bytes:   6400  
[2022/05/28 17:38:59 095] isr        851  [aud] speech start  
[2022/05/28 17:38:59 095] isr        798  1  msc  
[2022/05/28 17:38:59 292] isr        1547 ASR_MSG_AUW,   cloud  
[2022/05/28 17:38:59 292] isr        1559 6400  2  
[2022/05/28 17:38:59 312] isr        700  cloud_status_cb, eps:  1  
[2022/05/28 17:38:59 312] isr        798  1  cloud  
[2022/05/28 17:38:59 312] isr        813  cloud eps ignored  
[2022/05/28 17:38:59 493] isr        1547 ASR_MSG_AUW,   cloud  
[2022/05/28 17:38:59 493] isr        1559 6400  2  
[2022/05/28 17:38:59 691] isr        1547 ASR_MSG_AUW,   cloud  
[2022/05/28 17:38:59 691] isr        1559 6400  2  
[2022/05/28 17:38:59 891] isr        1547 ASR_MSG_AUW,   cloud  
[2022/05/28 17:38:59 891] isr        1559 6400  2  
[2022/05/28 17:39:00 092] isr        1547 ASR_MSG_AUW,   cloud  
[2022/05/28 17:39:00 092] isr        1559 6400  2  
[2022/05/28 17:39:00 292] isr        1547 ASR_MSG_AUW,   cloud  
[2022/05/28 17:39:00 292] isr        1559 6400  2  
[2022/05/28 17:39:00 492] isr        1547 ASR_MSG_AUW,   cloud  
[2022/05/28 17:39:00 492] isr        1559 6400  2  
[2022/05/28 17:39:00 691] isr        1547 ASR_MSG_AUW,   cloud  
[2022/05/28 17:39:00 693] isr        1559 6400  2  
[2022/05/28 17:39:00 894] isr        1547 ASR_MSG_AUW,   cloud  
[2022/05/28 17:39:00 894] isr        1559 6400  2  
[2022/05/28 17:39:01 092] isr        1547 ASR_MSG_AUW,   cloud  
[2022/05/28 17:39:01 092] isr        1559 6400  2  
[2022/05/28 17:39:01 292] isr        1547 ASR_MSG_AUW,   cloud  
[2022/05/28 17:39:01 292] isr        1559 6400  2  
[2022/05/28 17:39:01 492] isr        1547 ASR_MSG_AUW,   cloud  
[2022/05/28 17:39:01 492] isr        1559 6400  2  
[2022/05/28 17:39:01 691] isr        1547 ASR_MSG_AUW,   cloud  
[2022/05/28 17:39:01 691] isr        1559 6400  2  
[2022/05/28 17:39:01 891] isr        1547 ASR_MSG_AUW,   cloud  
[2022/05/28 17:39:01 891] isr        1559 6400  2  
[2022/05/28 17:39:02 092] isr        1547 ASR_MSG_AUW,   cloud  
[2022/05/28 17:39:02 092] isr        1559 6400  2  
[2022/05/28 17:39:02 173] isr        1547 ASR_MSG_AUW,   cloud  
[2022/05/28 17:39:02 173] isr        1559 2498  2  
[2022/05/28 17:39:02 181] isr        1547 ASR_MSG_AUW,   cloud  
[2022/05/28 17:39:02 183] isr        1559 0  4  
[2022/05/28 17:39:02 183] isr        1592 aud end, USER  
[2022/05/28 17:39:02 184] isr        1636 ASR_MSG_GRSLT,   cloud  
[2022/05/28 17:39:02 187] isr        1335 0  nil  2  
[2022/05/28 17:39:02 190] isr        854  [aud] speech end  
[2022/05/28 17:39:02 190] isr        798  3  msc  
[2022/05/28 17:39:02 290] isr        1636 ASR_MSG_GRSLT,   cloud  
[2022/05/28 17:39:02 290] isr        1335 0  nil  2  
[2022/05/28 17:39:02 325] isr        700  cloud_status_cb, eps:  3  
[2022/05/28 17:39:02 325] isr        798  3  cloud  
[2022/05/28 17:39:02 325] isr        800  already speech end  
[2022/05/28 17:39:02 328] isr        662  cloud_rslt_cb status =   5  
[2022/05/28 17:39:02 328] isr        641  process_result call:  cloud  udata(451cf20) 5  nil  
[2022/05/28 17:39:02 328] isr        798  3  msc  
[2022/05/28 17:39:02 328] isr        800  already speech end  
[2022/05/28 17:39:02 400] isr        1636 ASR_MSG_GRSLT,   cloud  
[2022/05/28 17:39:02 400] isr        1335 0  udata(451cf20) 5  
[2022/05/28 17:39:02 509] isr        1639 ASR_MSG_SSE,   cloud  
[2022/05/28 17:39:02 509] isr        1356 session_end() [in]  
[2022/05/28 17:39:02 509] isr        1421 cloud_session_end() [in]  
[2022/05/28 17:39:02 510] isr        1488 ns_host=  open.xf-yun.com  
[2022/05/28 17:39:02 510] isr        1498 tick()mod=  70042031  
[2022/05/28 17:39:02 510] isr        1499 tick()=  70042031  
[2022/05/28 17:39:02 510] isr        1501 diff=  3453  
[2022/05/28 17:39:02 510] isr        1514 cloud_session_end() [out]  
[2022/05/28 17:39:02 512] isr        1667 isr unload!  
============================================================
Time  2022/05/28 17:39:19 312 
============================================================
[2022/05/28 17:39:19 312] isr        1659 isr loaded!  
[2022/05/28 17:39:19 312] isr        1642 SYS_MSG_REGCB param0 =   msp_status_cb  param1 =   func(2faf1b0) 
[2022/05/28 17:39:19 312] isr        1537 ASR_MSG_SSB  
[2022/05/28 17:39:19 312] isr        1066 session_begin() [in], params:   sub = iat, domain = iat, language = zh_cn, accent = mandarin, sample_rate = 16000, result_type = plain, result_encoding = gb2312Íýýýý  nil  
[2022/05/28 17:39:19 312] isr        927  vad_set [in]  
[2022/05/28 17:39:19 312] isr        962  vad_enable :  true  
[2022/05/28 17:39:19 312] isr        980  vad_bos :  10000  
[2022/05/28 17:39:19 312] isr        981  vad_eos :  2000  
[2022/05/28 17:39:19 312] isr        886  enable_vad [in]  
[2022/05/28 17:39:19 313] isr        918  vad enabled!  2000  10000  
[2022/05/28 17:39:19 313] isr        921  enable_vad [out]  
[2022/05/28 17:39:19 313] isr        987  vad_set [out] | ret =  0  
[2022/05/28 17:39:19 313] isr        1187 cur_engine_type =   cloud  
[2022/05/28 17:39:19 313] isr        1001 cloud_session_begin  
[2022/05/28 17:39:19 313] isr        1013 unknown  
[2022/05/28 17:39:19 509] isr        1547 ASR_MSG_AUW,   cloud  
[2022/05/28 17:39:19 509] isr        1559 6400  1  
[2022/05/28 17:39:19 509] isr        1569 once_bytes:   6400  
[2022/05/28 17:39:19 512] isr        851  [aud] speech start  
[2022/05/28 17:39:19 512] isr        798  1  msc  
[2022/05/28 17:39:19 707] isr        1547 ASR_MSG_AUW,   cloud  
[2022/05/28 17:39:19 709] isr        1559 6400  2  
[2022/05/28 17:39:19 736] isr        700  cloud_status_cb, eps:  1  
[2022/05/28 17:39:19 736] isr        798  1  cloud  
[2022/05/28 17:39:19 736] isr        813  cloud eps ignored  
[2022/05/28 17:39:19 908] isr        1547 ASR_MSG_AUW,   cloud  
[2022/05/28 17:39:19 910] isr        1559 6400  2  
[2022/05/28 17:39:20 108] isr        1547 ASR_MSG_AUW,   cloud  
[2022/05/28 17:39:20 108] isr        1559 6400  2  
[2022/05/28 17:39:20 309] isr        1547 ASR_MSG_AUW,   cloud  
[2022/05/28 17:39:20 309] isr        1559 6400  2  
[2022/05/28 17:39:20 507] isr        1547 ASR_MSG_AUW,   cloud  
[2022/05/28 17:39:20 507] isr        1559 6400  2  
[2022/05/28 17:39:20 707] isr        1547 ASR_MSG_AUW,   cloud  
[2022/05/28 17:39:20 707] isr        1559 6400  2  
[2022/05/28 17:39:20 908] isr        1547 ASR_MSG_AUW,   cloud  
[2022/05/28 17:39:20 908] isr        1559 6400  2  
[2022/05/28 17:39:21 108] isr        1547 ASR_MSG_AUW,   cloud  
[2022/05/28 17:39:21 108] isr        1559 6400  2  
[2022/05/28 17:39:21 309] isr        1547 ASR_MSG_AUW,   cloud  
[2022/05/28 17:39:21 309] isr        1559 6400  2  
[2022/05/28 17:39:21 509] isr        1547 ASR_MSG_AUW,   cloud  
[2022/05/28 17:39:21 509] isr        1559 6400  2  
[2022/05/28 17:39:21 709] isr        1547 ASR_MSG_AUW,   cloud  
[2022/05/28 17:39:21 709] isr        1559 6400  2  
[2022/05/28 17:39:21 908] isr        1547 ASR_MSG_AUW,   cloud  
[2022/05/28 17:39:21 908] isr        1559 6400  2  
[2022/05/28 17:39:22 108] isr        1547 ASR_MSG_AUW,   cloud  
[2022/05/28 17:39:22 108] isr        1559 6400  2  
[2022/05/28 17:39:22 140] isr        1547 ASR_MSG_AUW,   cloud  
[2022/05/28 17:39:22 140] isr        1559 640  2  
[2022/05/28 17:39:22 151] isr        1547 ASR_MSG_AUW,   cloud  
[2022/05/28 17:39:22 151] isr        1559 0  4  
[2022/05/28 17:39:22 151] isr        1592 aud end, USER  
[2022/05/28 17:39:22 155] isr        854  [aud] speech end  
[2022/05/28 17:39:22 157] isr        798  3  msc  
[2022/05/28 17:39:22 157] isr        1636 ASR_MSG_GRSLT,   cloud  
[2022/05/28 17:39:22 157] isr        1335 0  nil  2  
[2022/05/28 17:39:22 259] isr        1636 ASR_MSG_GRSLT,   cloud  
[2022/05/28 17:39:22 259] isr        1335 0  nil  2  
[2022/05/28 17:39:22 329] isr        700  cloud_status_cb, eps:  3  
[2022/05/28 17:39:22 329] isr        798  3  cloud  
[2022/05/28 17:39:22 329] isr        800  already speech end  
[2022/05/28 17:39:22 332] isr        662  cloud_rslt_cb status =   5  
[2022/05/28 17:39:22 332] isr        641  process_result call:  cloud  udata(2f9f778) 5  nil  
[2022/05/28 17:39:22 332] isr        798  3  msc  
[2022/05/28 17:39:22 332] isr        800  already speech end  
[2022/05/28 17:39:22 368] isr        1636 ASR_MSG_GRSLT,   cloud  
[2022/05/28 17:39:22 368] isr        1335 0  udata(2f9f778) 5  
[2022/05/28 17:39:22 476] isr        1639 ASR_MSG_SSE,   cloud  
[2022/05/28 17:39:22 476] isr        1356 session_end() [in]  
[2022/05/28 17:39:22 476] isr        1421 cloud_session_end() [in]  
[2022/05/28 17:39:22 476] isr        1488 ns_host=  open.xf-yun.com  
[2022/05/28 17:39:22 476] isr        1498 tick()mod=  70062000  
[2022/05/28 17:39:22 477] isr        1499 tick()=  70062000  
[2022/05/28 17:39:22 477] isr        1501 diff=  23422  
[2022/05/28 17:39:22 477] isr        1514 cloud_session_end() [out]  
[2022/05/28 17:39:22 479] isr        1667 isr unload!  
============================================================
Time  2022/05/28 17:43:04 361 
============================================================
[2022/05/28 17:43:04 361] isr        1659 isr loaded!  
[2022/05/28 17:43:04 361] isr        1642 SYS_MSG_REGCB param0 =   msp_status_cb  param1 =   func(339f330) 
[2022/05/28 17:43:04 361] isr        1537 ASR_MSG_SSB  
[2022/05/28 17:43:04 361] isr        1066 session_begin() [in], params:   sub = iat, domain = iat, language = zh_cn, accent = mandarin, sample_rate = 16000, result_type = plain, result_encoding = gb2312Íýýýý  nil  
[2022/05/28 17:43:04 362] isr        927  vad_set [in]  
[2022/05/28 17:43:04 362] isr        962  vad_enable :  true  
[2022/05/28 17:43:04 362] isr        980  vad_bos :  10000  
[2022/05/28 17:43:04 362] isr        981  vad_eos :  2000  
[2022/05/28 17:43:04 362] isr        886  enable_vad [in]  
[2022/05/28 17:43:04 365] isr        918  vad enabled!  2000  10000  
[2022/05/28 17:43:04 365] isr        921  enable_vad [out]  
[2022/05/28 17:43:04 365] isr        987  vad_set [out] | ret =  0  
[2022/05/28 17:43:04 365] isr        1187 cur_engine_type =   cloud  
[2022/05/28 17:43:04 365] isr        1001 cloud_session_begin  
[2022/05/28 17:43:04 365] isr        1013 unknown  
[2022/05/28 17:43:04 582] isr        1547 ASR_MSG_AUW,   cloud  
[2022/05/28 17:43:04 582] isr        1559 6400  1  
[2022/05/28 17:43:04 582] isr        1569 once_bytes:   6400  
[2022/05/28 17:43:04 585] isr        851  [aud] speech start  
[2022/05/28 17:43:04 585] isr        798  1  msc  
[2022/05/28 17:43:04 782] isr        1547 ASR_MSG_AUW,   cloud  
[2022/05/28 17:43:04 782] isr        1559 6400  2  
[2022/05/28 17:43:04 802] isr        700  cloud_status_cb, eps:  1  
[2022/05/28 17:43:04 802] isr        798  1  cloud  
[2022/05/28 17:43:04 802] isr        813  cloud eps ignored  
[2022/05/28 17:43:04 980] isr        1547 ASR_MSG_AUW,   cloud  
[2022/05/28 17:43:04 980] isr        1559 6400  2  
[2022/05/28 17:43:05 180] isr        1547 ASR_MSG_AUW,   cloud  
[2022/05/28 17:43:05 180] isr        1559 6400  2  
[2022/05/28 17:43:05 381] isr        1547 ASR_MSG_AUW,   cloud  
[2022/05/28 17:43:05 381] isr        1559 6400  2  
[2022/05/28 17:43:05 581] isr        1547 ASR_MSG_AUW,   cloud  
[2022/05/28 17:43:05 581] isr        1559 6400  2  
[2022/05/28 17:43:05 782] isr        1547 ASR_MSG_AUW,   cloud  
[2022/05/28 17:43:05 782] isr        1559 6400  2  
[2022/05/28 17:43:05 980] isr        1547 ASR_MSG_AUW,   cloud  
[2022/05/28 17:43:05 980] isr        1559 6400  2  
[2022/05/28 17:43:06 180] isr        1547 ASR_MSG_AUW,   cloud  
[2022/05/28 17:43:06 180] isr        1559 6400  2  
[2022/05/28 17:43:06 381] isr        1547 ASR_MSG_AUW,   cloud  
[2022/05/28 17:43:06 381] isr        1559 6400  2  
[2022/05/28 17:43:06 581] isr        1547 ASR_MSG_AUW,   cloud  
[2022/05/28 17:43:06 581] isr        1559 6400  2  
[2022/05/28 17:43:06 782] isr        1547 ASR_MSG_AUW,   cloud  
[2022/05/28 17:43:06 782] isr        1559 6400  2  
[2022/05/28 17:43:06 980] isr        1547 ASR_MSG_AUW,   cloud  
[2022/05/28 17:43:06 980] isr        1559 6400  2  
[2022/05/28 17:43:07 180] isr        1547 ASR_MSG_AUW,   cloud  
[2022/05/28 17:43:07 180] isr        1559 6400  2  
[2022/05/28 17:43:07 221] isr        1547 ASR_MSG_AUW,   cloud  
[2022/05/28 17:43:07 221] isr        1559 1218  2  
[2022/05/28 17:43:07 227] isr        1547 ASR_MSG_AUW,   cloud  
[2022/05/28 17:43:07 227] isr        1559 0  4  
[2022/05/28 17:43:07 229] isr        1592 aud end, USER  
[2022/05/28 17:43:07 230] isr        1636 ASR_MSG_GRSLT,   cloud  
[2022/05/28 17:43:07 232] isr        1335 0  nil  2  
[2022/05/28 17:43:07 234] isr        854  [aud] speech end  
[2022/05/28 17:43:07 236] isr        798  3  msc  
[2022/05/28 17:43:07 336] isr        1636 ASR_MSG_GRSLT,   cloud  
[2022/05/28 17:43:07 336] isr        1335 0  nil  2  
[2022/05/28 17:43:07 344] isr        700  cloud_status_cb, eps:  3  
[2022/05/28 17:43:07 344] isr        798  3  cloud  
[2022/05/28 17:43:07 344] isr        800  already speech end  
[2022/05/28 17:43:07 345] isr        662  cloud_rslt_cb status =   5  
[2022/05/28 17:43:07 345] isr        641  process_result call:  cloud  udata(48df800) 5  nil  
[2022/05/28 17:43:07 345] isr        798  3  msc  
[2022/05/28 17:43:07 345] isr        800  already speech end  
[2022/05/28 17:43:07 444] isr        1636 ASR_MSG_GRSLT,   cloud  
[2022/05/28 17:43:07 444] isr        1335 0  udata(48df800) 5  
============================================================
Time  2022/05/28 17:44:50 989 
============================================================
[2022/05/28 17:44:50 989] isr        1659 isr loaded!  
[2022/05/28 17:44:50 990] isr        1642 SYS_MSG_REGCB param0 =   msp_status_cb  param1 =   func(2eafb30) 
[2022/05/28 17:44:50 990] isr        1537 ASR_MSG_SSB  
[2022/05/28 17:44:50 990] isr        1066 session_begin() [in], params:   sub = iat, domain = iat, language = zh_cn, accent = mandarin, sample_rate = 16000, result_type = plain, result_encoding = gb2312Íýýýý  nil  
[2022/05/28 17:44:50 990] isr        927  vad_set [in]  
[2022/05/28 17:44:50 990] isr        962  vad_enable :  true  
[2022/05/28 17:44:50 990] isr        980  vad_bos :  10000  
[2022/05/28 17:44:50 990] isr        981  vad_eos :  2000  
[2022/05/28 17:44:50 990] isr        886  enable_vad [in]  
[2022/05/28 17:44:50 990] isr        918  vad enabled!  2000  10000  
[2022/05/28 17:44:50 990] isr        921  enable_vad [out]  
[2022/05/28 17:44:50 990] isr        987  vad_set [out] | ret =  0  
[2022/05/28 17:44:50 990] isr        1187 cur_engine_type =   cloud  
[2022/05/28 17:44:50 990] isr        1001 cloud_session_begin  
[2022/05/28 17:44:50 990] isr        1013 unknown  
[2022/05/28 17:44:51 207] isr        1547 ASR_MSG_AUW,   cloud  
[2022/05/28 17:44:51 207] isr        1559 6400  1  
[2022/05/28 17:44:51 207] isr        1569 once_bytes:   6400  
[2022/05/28 17:44:51 210] isr        851  [aud] speech start  
[2022/05/28 17:44:51 210] isr        798  1  msc  
[2022/05/28 17:44:51 407] isr        1547 ASR_MSG_AUW,   cloud  
[2022/05/28 17:44:51 407] isr        1559 6400  2  
[2022/05/28 17:44:51 430] isr        700  cloud_status_cb, eps:  1  
[2022/05/28 17:44:51 430] isr        798  1  cloud  
[2022/05/28 17:44:51 430] isr        813  cloud eps ignored  
[2022/05/28 17:44:51 608] isr        1547 ASR_MSG_AUW,   cloud  
[2022/05/28 17:44:51 608] isr        1559 6400  2  
[2022/05/28 17:44:51 806] isr        1547 ASR_MSG_AUW,   cloud  
[2022/05/28 17:44:51 806] isr        1559 6400  2  
[2022/05/28 17:44:52 006] isr        1547 ASR_MSG_AUW,   cloud  
[2022/05/28 17:44:52 006] isr        1559 6400  2  
[2022/05/28 17:44:52 207] isr        1547 ASR_MSG_AUW,   cloud  
[2022/05/28 17:44:52 207] isr        1559 6400  2  
[2022/05/28 17:44:52 407] isr        1547 ASR_MSG_AUW,   cloud  
[2022/05/28 17:44:52 407] isr        1559 6400  2  
[2022/05/28 17:44:52 608] isr        1547 ASR_MSG_AUW,   cloud  
[2022/05/28 17:44:52 608] isr        1559 6400  2  
[2022/05/28 17:44:52 808] isr        1547 ASR_MSG_AUW,   cloud  
[2022/05/28 17:44:52 808] isr        1559 6400  2  
[2022/05/28 17:44:53 007] isr        1547 ASR_MSG_AUW,   cloud  
[2022/05/28 17:44:53 007] isr        1559 6400  2  
[2022/05/28 17:44:53 207] isr        1547 ASR_MSG_AUW,   cloud  
[2022/05/28 17:44:53 207] isr        1559 6400  2  
[2022/05/28 17:44:53 407] isr        1547 ASR_MSG_AUW,   cloud  
[2022/05/28 17:44:53 407] isr        1559 6400  2  
[2022/05/28 17:44:53 421] isr        1547 ASR_MSG_AUW,   cloud  
[2022/05/28 17:44:53 421] isr        1559 258  2  
[2022/05/28 17:44:53 424] isr        1547 ASR_MSG_AUW,   cloud  
[2022/05/28 17:44:53 426] isr        1559 0  4  
[2022/05/28 17:44:53 426] isr        1592 aud end, USER  
[2022/05/28 17:44:53 427] isr        1636 ASR_MSG_GRSLT,   cloud  
[2022/05/28 17:44:53 427] isr        1335 0  nil  2  
[2022/05/28 17:44:53 427] isr        854  [aud] speech end  
[2022/05/28 17:44:53 428] isr        798  3  msc  
[2022/05/28 17:44:53 533] isr        1636 ASR_MSG_GRSLT,   cloud  
[2022/05/28 17:44:53 533] isr        1335 0  nil  2  
[2022/05/28 17:44:53 601] isr        700  cloud_status_cb, eps:  3  
[2022/05/28 17:44:53 601] isr        798  3  cloud  
[2022/05/28 17:44:53 601] isr        800  already speech end  
[2022/05/28 17:44:53 604] isr        662  cloud_rslt_cb status =   5  
[2022/05/28 17:44:53 604] isr        641  process_result call:  cloud  udata(42d71c0) 5  nil  
[2022/05/28 17:44:53 604] isr        798  3  msc  
[2022/05/28 17:44:53 604] isr        800  already speech end  
[2022/05/28 17:44:53 641] isr        1636 ASR_MSG_GRSLT,   cloud  
[2022/05/28 17:44:53 641] isr        1335 0  udata(42d71c0) 5  
[2022/05/28 17:44:53 750] isr        1639 ASR_MSG_SSE,   cloud  
[2022/05/28 17:44:53 750] isr        1356 session_end() [in]  
[2022/05/28 17:44:53 750] isr        1421 cloud_session_end() [in]  
[2022/05/28 17:44:53 752] isr        1488 ns_host=  open.xf-yun.com  
[2022/05/28 17:44:53 753] isr        1498 tick()mod=  70393281  
[2022/05/28 17:44:53 753] isr        1499 tick()=  70393281  
[2022/05/28 17:44:53 753] isr        1501 diff=  2625  
[2022/05/28 17:44:53 753] isr        1514 cloud_session_end() [out]  
[2022/05/28 17:44:53 753] isr        1667 isr unload!  
============================================================
Time  2022/05/28 17:44:56 256 
============================================================
[2022/05/28 17:44:56 256] isr        1659 isr loaded!  
[2022/05/28 17:44:56 256] isr        1642 SYS_MSG_REGCB param0 =   msp_status_cb  param1 =   func(422af60) 
[2022/05/28 17:44:56 256] isr        1537 ASR_MSG_SSB  
[2022/05/28 17:44:56 256] isr        1066 session_begin() [in], params:   sub = iat, domain = iat, language = zh_cn, accent = mandarin, sample_rate = 16000, result_type = plain, result_encoding = gb2312Íýýýý  nil  
[2022/05/28 17:44:56 257] isr        927  vad_set [in]  
[2022/05/28 17:44:56 257] isr        962  vad_enable :  true  
[2022/05/28 17:44:56 257] isr        980  vad_bos :  10000  
[2022/05/28 17:44:56 257] isr        981  vad_eos :  2000  
[2022/05/28 17:44:56 257] isr        886  enable_vad [in]  
[2022/05/28 17:44:56 257] isr        918  vad enabled!  2000  10000  
[2022/05/28 17:44:56 259] isr        921  enable_vad [out]  
[2022/05/28 17:44:56 259] isr        987  vad_set [out] | ret =  0  
[2022/05/28 17:44:56 259] isr        1187 cur_engine_type =   cloud  
[2022/05/28 17:44:56 259] isr        1001 cloud_session_begin  
[2022/05/28 17:44:56 259] isr        1013 unknown  
[2022/05/28 17:44:56 453] isr        1547 ASR_MSG_AUW,   cloud  
[2022/05/28 17:44:56 453] isr        1559 6400  1  
[2022/05/28 17:44:56 453] isr        1569 once_bytes:   6400  
[2022/05/28 17:44:56 456] isr        851  [aud] speech start  
[2022/05/28 17:44:56 456] isr        798  1  msc  
[2022/05/28 17:44:56 653] isr        1547 ASR_MSG_AUW,   cloud  
[2022/05/28 17:44:56 653] isr        1559 6400  2  
[2022/05/28 17:44:56 674] isr        700  cloud_status_cb, eps:  1  
[2022/05/28 17:44:56 674] isr        798  1  cloud  
[2022/05/28 17:44:56 674] isr        813  cloud eps ignored  
[2022/05/28 17:44:56 852] isr        1547 ASR_MSG_AUW,   cloud  
[2022/05/28 17:44:56 852] isr        1559 6400  2  
[2022/05/28 17:44:57 052] isr        1547 ASR_MSG_AUW,   cloud  
[2022/05/28 17:44:57 052] isr        1559 6400  2  
[2022/05/28 17:44:57 253] isr        1547 ASR_MSG_AUW,   cloud  
[2022/05/28 17:44:57 253] isr        1559 6400  2  
[2022/05/28 17:44:57 453] isr        1547 ASR_MSG_AUW,   cloud  
[2022/05/28 17:44:57 453] isr        1559 6400  2  
[2022/05/28 17:44:57 653] isr        1547 ASR_MSG_AUW,   cloud  
[2022/05/28 17:44:57 653] isr        1559 6400  2  
[2022/05/28 17:44:57 852] isr        1547 ASR_MSG_AUW,   cloud  
[2022/05/28 17:44:57 852] isr        1559 6400  2  
[2022/05/28 17:44:58 052] isr        1547 ASR_MSG_AUW,   cloud  
[2022/05/28 17:44:58 052] isr        1559 6400  2  
[2022/05/28 17:44:58 233] isr        1547 ASR_MSG_AUW,   cloud  
[2022/05/28 17:44:58 233] isr        1559 5440  2  
[2022/05/28 17:44:58 250] isr        1547 ASR_MSG_AUW,   cloud  
[2022/05/28 17:44:58 250] isr        1559 0  4  
[2022/05/28 17:44:58 250] isr        1592 aud end, USER  
[2022/05/28 17:44:58 252] isr        1636 ASR_MSG_GRSLT,   cloud  
[2022/05/28 17:44:58 252] isr        1335 0  nil  2  
[2022/05/28 17:44:58 253] isr        854  [aud] speech end  
[2022/05/28 17:44:58 255] isr        798  3  msc  
[2022/05/28 17:44:58 358] isr        1636 ASR_MSG_GRSLT,   cloud  
[2022/05/28 17:44:58 358] isr        1335 0  nil  2  
[2022/05/28 17:44:58 378] isr        700  cloud_status_cb, eps:  3  
[2022/05/28 17:44:58 378] isr        798  3  cloud  
[2022/05/28 17:44:58 378] isr        800  already speech end  
[2022/05/28 17:44:58 381] isr        662  cloud_rslt_cb status =   5  
[2022/05/28 17:44:58 381] isr        641  process_result call:  cloud  udata(2f04520) 5  nil  
[2022/05/28 17:44:58 381] isr        798  3  msc  
[2022/05/28 17:44:58 381] isr        800  already speech end  
[2022/05/28 17:44:58 467] isr        1636 ASR_MSG_GRSLT,   cloud  
[2022/05/28 17:44:58 467] isr        1335 0  udata(2f04520) 5  
============================================================
Time  2022/05/28 17:49:17 059 
============================================================
[2022/05/28 17:49:17 059] isr        1659 isr loaded!  
[2022/05/28 17:49:17 059] isr        1642 SYS_MSG_REGCB param0 =   msp_status_cb  param1 =   func(2ccfcf0) 
[2022/05/28 17:49:17 059] isr        1537 ASR_MSG_SSB  
[2022/05/28 17:49:17 059] isr        1066 session_begin() [in], params:   sub = iat, domain = iat, language = zh_cn, accent = mandarin, sample_rate = 16000, result_type = plain, result_encoding = gb2312Íýýýý  nil  
[2022/05/28 17:49:17 059] isr        927  vad_set [in]  
[2022/05/28 17:49:17 059] isr        962  vad_enable :  true  
[2022/05/28 17:49:17 059] isr        980  vad_bos :  10000  
[2022/05/28 17:49:17 059] isr        981  vad_eos :  2000  
[2022/05/28 17:49:17 059] isr        886  enable_vad [in]  
[2022/05/28 17:49:17 061] isr        918  vad enabled!  2000  10000  
[2022/05/28 17:49:17 061] isr        921  enable_vad [out]  
[2022/05/28 17:49:17 061] isr        987  vad_set [out] | ret =  0  
[2022/05/28 17:49:17 061] isr        1187 cur_engine_type =   cloud  
[2022/05/28 17:49:17 061] isr        1001 cloud_session_begin  
[2022/05/28 17:49:17 061] isr        1013 unknown  
[2022/05/28 17:49:17 278] isr        1547 ASR_MSG_AUW,   cloud  
[2022/05/28 17:49:17 278] isr        1559 6400  1  
[2022/05/28 17:49:17 278] isr        1569 once_bytes:   6400  
[2022/05/28 17:49:17 280] isr        851  [aud] speech start  
[2022/05/28 17:49:17 280] isr        798  1  msc  
[2022/05/28 17:49:17 476] isr        1547 ASR_MSG_AUW,   cloud  
[2022/05/28 17:49:17 476] isr        1559 6400  2  
[2022/05/28 17:49:17 505] isr        700  cloud_status_cb, eps:  1  
[2022/05/28 17:49:17 505] isr        798  1  cloud  
[2022/05/28 17:49:17 505] isr        813  cloud eps ignored  
[2022/05/28 17:49:17 677] isr        1547 ASR_MSG_AUW,   cloud  
[2022/05/28 17:49:17 677] isr        1559 6400  2  
[2022/05/28 17:49:17 877] isr        1547 ASR_MSG_AUW,   cloud  
[2022/05/28 17:49:17 877] isr        1559 6400  2  
[2022/05/28 17:49:18 076] isr        1547 ASR_MSG_AUW,   cloud  
[2022/05/28 17:49:18 076] isr        1559 6400  2  
[2022/05/28 17:49:18 276] isr        1547 ASR_MSG_AUW,   cloud  
[2022/05/28 17:49:18 276] isr        1559 6400  2  
[2022/05/28 17:49:18 476] isr        1547 ASR_MSG_AUW,   cloud  
[2022/05/28 17:49:18 476] isr        1559 6400  2  
[2022/05/28 17:49:18 677] isr        1547 ASR_MSG_AUW,   cloud  
[2022/05/28 17:49:18 677] isr        1559 6400  2  
[2022/05/28 17:49:18 878] isr        1547 ASR_MSG_AUW,   cloud  
[2022/05/28 17:49:18 878] isr        1559 6400  2  
[2022/05/28 17:49:19 076] isr        1547 ASR_MSG_AUW,   cloud  
[2022/05/28 17:49:19 076] isr        1559 6400  2  
[2022/05/28 17:49:19 276] isr        1547 ASR_MSG_AUW,   cloud  
[2022/05/28 17:49:19 276] isr        1559 6400  2  
[2022/05/28 17:49:19 476] isr        1547 ASR_MSG_AUW,   cloud  
[2022/05/28 17:49:19 476] isr        1559 6400  2  
[2022/05/28 17:49:19 677] isr        1547 ASR_MSG_AUW,   cloud  
[2022/05/28 17:49:19 677] isr        1559 6400  2  
[2022/05/28 17:49:19 719] isr        1547 ASR_MSG_AUW,   cloud  
[2022/05/28 17:49:19 719] isr        1559 1218  2  
[2022/05/28 17:49:19 723] isr        1547 ASR_MSG_AUW,   cloud  
[2022/05/28 17:49:19 723] isr        1559 0  4  
[2022/05/28 17:49:19 723] isr        1592 aud end, USER  
[2022/05/28 17:49:19 724] isr        1636 ASR_MSG_GRSLT,   cloud  
[2022/05/28 17:49:19 724] isr        1335 0  nil  2  
[2022/05/28 17:49:19 727] isr        854  [aud] speech end  
[2022/05/28 17:49:19 729] isr        798  3  msc  
[2022/05/28 17:49:19 832] isr        1636 ASR_MSG_GRSLT,   cloud  
[2022/05/28 17:49:19 832] isr        1335 0  nil  2  
[2022/05/28 17:49:19 834] isr        700  cloud_status_cb, eps:  3  
[2022/05/28 17:49:19 834] isr        798  3  cloud  
[2022/05/28 17:49:19 834] isr        800  already speech end  
[2022/05/28 17:49:19 835] isr        662  cloud_rslt_cb status =   5  
[2022/05/28 17:49:19 836] isr        641  process_result call:  cloud  udata(4134570) 5  nil  
[2022/05/28 17:49:19 838] isr        798  3  msc  
[2022/05/28 17:49:19 838] isr        800  already speech end  
[2022/05/28 17:49:19 940] isr        1636 ASR_MSG_GRSLT,   cloud  
[2022/05/28 17:49:19 940] isr        1335 0  udata(4134570) 5  
============================================================
Time  2022/06/28 19:27:34 351 
============================================================
[2022/06/28 19:27:34 352] isr        1659 isr loaded!  
[2022/06/28 19:27:34 352] isr        1642 SYS_MSG_REGCB param0 =   msp_status_cb  param1 =   func(345f2b0) 
[2022/06/28 19:27:34 354] isr        1537 ASR_MSG_SSB  
[2022/06/28 19:27:34 354] isr        1066 session_begin() [in], params:   sub = iat, domain = iat, language = zh_cn, accent = mandarin, sample_rate = 16000, result_type = plain, result_encoding = gb2312Íýýýý  nil  
[2022/06/28 19:27:34 354] isr        927  vad_set [in]  
[2022/06/28 19:27:34 354] isr        962  vad_enable :  true  
[2022/06/28 19:27:34 354] isr        980  vad_bos :  10000  
[2022/06/28 19:27:34 354] isr        981  vad_eos :  2000  
[2022/06/28 19:27:34 354] isr        886  enable_vad [in]  
[2022/06/28 19:27:34 355] isr        918  vad enabled!  2000  10000  
[2022/06/28 19:27:34 355] isr        921  enable_vad [out]  
[2022/06/28 19:27:34 355] isr        987  vad_set [out] | ret =  0  
[2022/06/28 19:27:34 355] isr        1187 cur_engine_type =   cloud  
[2022/06/28 19:27:34 355] isr        1001 cloud_session_begin  
[2022/06/28 19:27:34 355] isr        1013 unknown  
[2022/06/28 19:27:34 572] isr        1547 ASR_MSG_AUW,   cloud  
[2022/06/28 19:27:34 572] isr        1559 6400  1  
[2022/06/28 19:27:34 572] isr        1569 once_bytes:   6400  
[2022/06/28 19:27:34 575] isr        851  [aud] speech start  
[2022/06/28 19:27:34 575] isr        798  1  msc  
[2022/06/28 19:27:34 773] isr        1547 ASR_MSG_AUW,   cloud  
[2022/06/28 19:27:34 773] isr        1559 6400  2  
[2022/06/28 19:27:34 835] isr        700  cloud_status_cb, eps:  1  
[2022/06/28 19:27:34 835] isr        798  1  cloud  
[2022/06/28 19:27:34 835] isr        813  cloud eps ignored  
[2022/06/28 19:27:34 971] isr        1547 ASR_MSG_AUW,   cloud  
[2022/06/28 19:27:34 971] isr        1559 6400  2  
[2022/06/28 19:27:35 173] isr        1547 ASR_MSG_AUW,   cloud  
[2022/06/28 19:27:35 173] isr        1559 6400  2  
[2022/06/28 19:27:35 372] isr        1547 ASR_MSG_AUW,   cloud  
[2022/06/28 19:27:35 372] isr        1559 6400  2  
[2022/06/28 19:27:35 572] isr        1547 ASR_MSG_AUW,   cloud  
[2022/06/28 19:27:35 572] isr        1559 6400  2  
[2022/06/28 19:27:35 773] isr        1547 ASR_MSG_AUW,   cloud  
[2022/06/28 19:27:35 773] isr        1559 6400  2  
[2022/06/28 19:27:35 973] isr        1547 ASR_MSG_AUW,   cloud  
[2022/06/28 19:27:35 973] isr        1559 6400  2  
[2022/06/28 19:27:36 171] isr        1547 ASR_MSG_AUW,   cloud  
[2022/06/28 19:27:36 171] isr        1559 6400  2  
[2022/06/28 19:27:36 372] isr        1547 ASR_MSG_AUW,   cloud  
[2022/06/28 19:27:36 372] isr        1559 6400  2  
[2022/06/28 19:27:36 572] isr        1547 ASR_MSG_AUW,   cloud  
[2022/06/28 19:27:36 572] isr        1559 6400  2  
[2022/06/28 19:27:36 594] isr        1547 ASR_MSG_AUW,   cloud  
[2022/06/28 19:27:36 594] isr        1559 578  2  
[2022/06/28 19:27:36 608] isr        1547 ASR_MSG_AUW,   cloud  
[2022/06/28 19:27:36 608] isr        1559 0  4  
[2022/06/28 19:27:36 608] isr        1592 aud end, USER  
[2022/06/28 19:27:36 608] isr        1636 ASR_MSG_GRSLT,   cloud  
[2022/06/28 19:27:36 608] isr        1335 0  nil  2  
[2022/06/28 19:27:36 611] isr        854  [aud] speech end  
[2022/06/28 19:27:36 611] isr        798  3  msc  
[2022/06/28 19:27:36 673] isr        700  cloud_status_cb, eps:  3  
[2022/06/28 19:27:36 673] isr        798  3  cloud  
[2022/06/28 19:27:36 673] isr        800  already speech end  
[2022/06/28 19:27:36 676] isr        662  cloud_rslt_cb status =   5  
[2022/06/28 19:27:36 676] isr        641  process_result call:  cloud  nil  5  nil  
[2022/06/28 19:27:36 676] isr        798  3  msc  
[2022/06/28 19:27:36 676] isr        800  already speech end  
[2022/06/28 19:27:36 714] isr        1636 ASR_MSG_GRSLT,   cloud  
[2022/06/28 19:27:36 714] isr        1335 0  nil  5  
[2022/06/28 19:27:36 825] isr        1639 ASR_MSG_SSE,   cloud  
[2022/06/28 19:27:36 825] isr        1356 session_end() [in]  
[2022/06/28 19:27:36 825] isr        1421 cloud_session_end() [in]  
[2022/06/28 19:27:36 825] isr        1488 ns_host=  open.xf-yun.com  
[2022/06/28 19:27:36 825] isr        1498 tick()mod=  1298384656  
[2022/06/28 19:27:36 826] isr        1499 tick()=  1298384656  
[2022/06/28 19:27:36 826] isr        1501 diff=  2203  
[2022/06/28 19:27:36 826] isr        1514 cloud_session_end() [out]  
[2022/06/28 19:27:36 828] isr        1667 isr unload!  
============================================================
Time  2022/06/28 19:27:50 572 
============================================================
[2022/06/28 19:27:50 572] isr        1659 isr loaded!  
[2022/06/28 19:27:50 573] isr        1642 SYS_MSG_REGCB param0 =   msp_status_cb  param1 =   func(335f2b0) 
[2022/06/28 19:27:50 573] isr        1537 ASR_MSG_SSB  
[2022/06/28 19:27:50 573] isr        1066 session_begin() [in], params:   sub = iat, domain = iat, language = zh_cn, accent = mandarin, sample_rate = 16000, result_type = plain, result_encoding = gb2312Íýýýý  nil  
[2022/06/28 19:27:50 573] isr        927  vad_set [in]  
[2022/06/28 19:27:50 573] isr        962  vad_enable :  true  
[2022/06/28 19:27:50 573] isr        980  vad_bos :  10000  
[2022/06/28 19:27:50 573] isr        981  vad_eos :  2000  
[2022/06/28 19:27:50 573] isr        886  enable_vad [in]  
[2022/06/28 19:27:50 575] isr        918  vad enabled!  2000  10000  
[2022/06/28 19:27:50 575] isr        921  enable_vad [out]  
[2022/06/28 19:27:50 575] isr        987  vad_set [out] | ret =  0  
[2022/06/28 19:27:50 575] isr        1187 cur_engine_type =   cloud  
[2022/06/28 19:27:50 575] isr        1001 cloud_session_begin  
[2022/06/28 19:27:50 575] isr        1013 unknown  
[2022/06/28 19:27:50 792] isr        1547 ASR_MSG_AUW,   cloud  
[2022/06/28 19:27:50 792] isr        1559 6400  1  
[2022/06/28 19:27:50 792] isr        1569 once_bytes:   6400  
[2022/06/28 19:27:50 795] isr        851  [aud] speech start  
[2022/06/28 19:27:50 795] isr        798  1  msc  
[2022/06/28 19:27:50 993] isr        1547 ASR_MSG_AUW,   cloud  
[2022/06/28 19:27:50 993] isr        1559 6400  2  
[2022/06/28 19:27:51 061] isr        700  cloud_status_cb, eps:  1  
[2022/06/28 19:27:51 061] isr        798  1  cloud  
[2022/06/28 19:27:51 061] isr        813  cloud eps ignored  
[2022/06/28 19:27:51 191] isr        1547 ASR_MSG_AUW,   cloud  
[2022/06/28 19:27:51 191] isr        1559 6400  2  
[2022/06/28 19:27:51 392] isr        1547 ASR_MSG_AUW,   cloud  
[2022/06/28 19:27:51 392] isr        1559 6400  2  
[2022/06/28 19:27:51 592] isr        1547 ASR_MSG_AUW,   cloud  
[2022/06/28 19:27:51 592] isr        1559 6400  2  
[2022/06/28 19:27:51 792] isr        1547 ASR_MSG_AUW,   cloud  
[2022/06/28 19:27:51 792] isr        1559 6400  2  
[2022/06/28 19:27:51 993] isr        1547 ASR_MSG_AUW,   cloud  
[2022/06/28 19:27:51 993] isr        1559 6400  2  
[2022/06/28 19:27:52 193] isr        1547 ASR_MSG_AUW,   cloud  
[2022/06/28 19:27:52 193] isr        1559 6400  2  
[2022/06/28 19:27:52 392] isr        1547 ASR_MSG_AUW,   cloud  
[2022/06/28 19:27:52 392] isr        1559 6400  2  
[2022/06/28 19:27:52 592] isr        1547 ASR_MSG_AUW,   cloud  
[2022/06/28 19:27:52 592] isr        1559 6400  2  
[2022/06/28 19:27:52 734] isr        1547 ASR_MSG_AUW,   cloud  
[2022/06/28 19:27:52 734] isr        1559 4418  2  
[2022/06/28 19:27:52 750] isr        1547 ASR_MSG_AUW,   cloud  
[2022/06/28 19:27:52 750] isr        1559 0  4  
[2022/06/28 19:27:52 750] isr        1592 aud end, USER  
[2022/06/28 19:27:52 750] isr        1636 ASR_MSG_GRSLT,   cloud  
[2022/06/28 19:27:52 750] isr        1335 0  nil  2  
[2022/06/28 19:27:52 753] isr        854  [aud] speech end  
[2022/06/28 19:27:52 753] isr        798  3  msc  
[2022/06/28 19:27:52 845] isr        700  cloud_status_cb, eps:  3  
[2022/06/28 19:27:52 845] isr        798  3  cloud  
[2022/06/28 19:27:52 845] isr        800  already speech end  
[2022/06/28 19:27:52 848] isr        662  cloud_rslt_cb status =   5  
[2022/06/28 19:27:52 848] isr        641  process_result call:  cloud  nil  5  nil  
[2022/06/28 19:27:52 848] isr        798  3  msc  
[2022/06/28 19:27:52 848] isr        800  already speech end  
[2022/06/28 19:27:52 858] isr        1636 ASR_MSG_GRSLT,   cloud  
[2022/06/28 19:27:52 858] isr        1335 0  nil  5  
[2022/06/28 19:27:52 970] isr        1639 ASR_MSG_SSE,   cloud  
[2022/06/28 19:27:52 970] isr        1356 session_end() [in]  
[2022/06/28 19:27:52 970] isr        1421 cloud_session_end() [in]  
[2022/06/28 19:27:52 970] isr        1488 ns_host=  open.xf-yun.com  
[2022/06/28 19:27:52 971] isr        1498 tick()mod=  1298400796  
[2022/06/28 19:27:52 971] isr        1499 tick()=  1298400796  
[2022/06/28 19:27:52 971] isr        1501 diff=  2218  
[2022/06/28 19:27:52 971] isr        1514 cloud_session_end() [out]  
[2022/06/28 19:27:52 973] isr        1667 isr unload!  
============================================================
Time  2022/06/28 19:33:25 068 
============================================================
[2022/06/28 19:33:25 068] isr        1659 isr loaded!  
[2022/06/28 19:33:25 068] isr        1642 SYS_MSG_REGCB param0 =   msp_status_cb  param1 =   func(335f830) 
[2022/06/28 19:33:25 069] isr        1537 ASR_MSG_SSB  
[2022/06/28 19:33:25 069] isr        1066 session_begin() [in], params:   sub = iat, domain = iat, language = zh_cn, accent = mandarin, sample_rate = 16000, result_type = plain, result_encoding = gb2312Íýýýý  nil  
[2022/06/28 19:33:25 069] isr        927  vad_set [in]  
[2022/06/28 19:33:25 069] isr        962  vad_enable :  true  
[2022/06/28 19:33:25 069] isr        980  vad_bos :  10000  
[2022/06/28 19:33:25 069] isr        981  vad_eos :  2000  
[2022/06/28 19:33:25 069] isr        886  enable_vad [in]  
[2022/06/28 19:33:25 069] isr        918  vad enabled!  2000  10000  
[2022/06/28 19:33:25 069] isr        921  enable_vad [out]  
[2022/06/28 19:33:25 069] isr        987  vad_set [out] | ret =  0  
[2022/06/28 19:33:25 071] isr        1187 cur_engine_type =   cloud  
[2022/06/28 19:33:25 071] isr        1001 cloud_session_begin  
[2022/06/28 19:33:25 071] isr        1013 unknown  
[2022/06/28 19:33:25 289] isr        1547 ASR_MSG_AUW,   cloud  
[2022/06/28 19:33:25 289] isr        1559 6400  1  
[2022/06/28 19:33:25 289] isr        1569 once_bytes:   6400  
[2022/06/28 19:33:25 295] isr        851  [aud] speech start  
[2022/06/28 19:33:25 295] isr        798  1  msc  
[2022/06/28 19:33:25 486] isr        1547 ASR_MSG_AUW,   cloud  
[2022/06/28 19:33:25 487] isr        1559 6400  2  
[2022/06/28 19:33:25 559] isr        700  cloud_status_cb, eps:  1  
[2022/06/28 19:33:25 559] isr        798  1  cloud  
[2022/06/28 19:33:25 559] isr        813  cloud eps ignored  
[2022/06/28 19:33:25 687] isr        1547 ASR_MSG_AUW,   cloud  
[2022/06/28 19:33:25 687] isr        1559 6400  2  
[2022/06/28 19:33:25 887] isr        1547 ASR_MSG_AUW,   cloud  
[2022/06/28 19:33:25 887] isr        1559 6400  2  
[2022/06/28 19:33:26 086] isr        1547 ASR_MSG_AUW,   cloud  
[2022/06/28 19:33:26 088] isr        1559 6400  2  
[2022/06/28 19:33:26 288] isr        1547 ASR_MSG_AUW,   cloud  
[2022/06/28 19:33:26 288] isr        1559 6400  2  
[2022/06/28 19:33:26 486] isr        1547 ASR_MSG_AUW,   cloud  
[2022/06/28 19:33:26 487] isr        1559 6400  2  
[2022/06/28 19:33:26 687] isr        1547 ASR_MSG_AUW,   cloud  
[2022/06/28 19:33:26 687] isr        1559 6400  2  
[2022/06/28 19:33:26 887] isr        1547 ASR_MSG_AUW,   cloud  
[2022/06/28 19:33:26 887] isr        1559 6400  2  
[2022/06/28 19:33:26 928] isr        1547 ASR_MSG_AUW,   cloud  
[2022/06/28 19:33:26 928] isr        1559 1218  2  
[2022/06/28 19:33:26 940] isr        1547 ASR_MSG_AUW,   cloud  
[2022/06/28 19:33:26 940] isr        1559 0  4  
[2022/06/28 19:33:26 940] isr        1592 aud end, USER  
[2022/06/28 19:33:26 944] isr        854  [aud] speech end  
[2022/06/28 19:33:26 944] isr        798  3  msc  
[2022/06/28 19:33:26 944] isr        1636 ASR_MSG_GRSLT,   cloud  
[2022/06/28 19:33:26 944] isr        1335 0  nil  2  
[2022/06/28 19:33:27 005] isr        700  cloud_status_cb, eps:  3  
[2022/06/28 19:33:27 005] isr        798  3  cloud  
[2022/06/28 19:33:27 006] isr        800  already speech end  
[2022/06/28 19:33:27 007] isr        662  cloud_rslt_cb status =   5  
[2022/06/28 19:33:27 007] isr        641  process_result call:  cloud  nil  5  nil  
[2022/06/28 19:33:27 007] isr        798  3  msc  
[2022/06/28 19:33:27 007] isr        800  already speech end  
[2022/06/28 19:33:27 049] isr        1636 ASR_MSG_GRSLT,   cloud  
[2022/06/28 19:33:27 049] isr        1335 0  nil  5  
[2022/06/28 19:33:27 157] isr        1639 ASR_MSG_SSE,   cloud  
[2022/06/28 19:33:27 157] isr        1356 session_end() [in]  
[2022/06/28 19:33:27 157] isr        1421 cloud_session_end() [in]  
[2022/06/28 19:33:27 158] isr        1488 ns_host=  open.xf-yun.com  
[2022/06/28 19:33:27 160] isr        1498 tick()mod=  1298734984  
[2022/06/28 19:33:27 160] isr        1499 tick()=  1298734984  
[2022/06/28 19:33:27 160] isr        1501 diff=  1875  
[2022/06/28 19:33:27 160] isr        1514 cloud_session_end() [out]  
[2022/06/28 19:33:27 161] isr        1667 isr unload!  
============================================================
Time  2022/06/28 19:33:47 246 
============================================================
[2022/06/28 19:33:47 246] isr        1659 isr loaded!  
[2022/06/28 19:33:47 246] isr        1642 SYS_MSG_REGCB param0 =   msp_status_cb  param1 =   func(2bef170) 
[2022/06/28 19:33:47 246] isr        1537 ASR_MSG_SSB  
[2022/06/28 19:33:47 246] isr        1066 session_begin() [in], params:   sub = iat, domain = iat, language = zh_cn, accent = mandarin, sample_rate = 16000, result_type = plain, result_encoding = gb2312Íýýýý  nil  
[2022/06/28 19:33:47 246] isr        927  vad_set [in]  
[2022/06/28 19:33:47 246] isr        962  vad_enable :  true  
[2022/06/28 19:33:47 246] isr        980  vad_bos :  10000  
[2022/06/28 19:33:47 246] isr        981  vad_eos :  2000  
[2022/06/28 19:33:47 246] isr        886  enable_vad [in]  
[2022/06/28 19:33:47 247] isr        918  vad enabled!  2000  10000  
[2022/06/28 19:33:47 247] isr        921  enable_vad [out]  
[2022/06/28 19:33:47 247] isr        987  vad_set [out] | ret =  0  
[2022/06/28 19:33:47 247] isr        1187 cur_engine_type =   cloud  
[2022/06/28 19:33:47 247] isr        1001 cloud_session_begin  
[2022/06/28 19:33:47 247] isr        1013 unknown  
[2022/06/28 19:33:47 469] isr        1547 ASR_MSG_AUW,   cloud  
[2022/06/28 19:33:47 469] isr        1559 6400  1  
[2022/06/28 19:33:47 469] isr        1569 once_bytes:   6400  
[2022/06/28 19:33:47 471] isr        851  [aud] speech start  
[2022/06/28 19:33:47 471] isr        798  1  msc  
[2022/06/28 19:33:47 667] isr        1547 ASR_MSG_AUW,   cloud  
[2022/06/28 19:33:47 667] isr        1559 6400  2  
[2022/06/28 19:33:47 740] isr        700  cloud_status_cb, eps:  1  
[2022/06/28 19:33:47 740] isr        798  1  cloud  
[2022/06/28 19:33:47 740] isr        813  cloud eps ignored  
[2022/06/28 19:33:47 868] isr        1547 ASR_MSG_AUW,   cloud  
[2022/06/28 19:33:47 868] isr        1559 6400  2  
[2022/06/28 19:33:48 068] isr        1547 ASR_MSG_AUW,   cloud  
[2022/06/28 19:33:48 068] isr        1559 6400  2  
[2022/06/28 19:33:48 267] isr        1547 ASR_MSG_AUW,   cloud  
[2022/06/28 19:33:48 267] isr        1559 6400  2  
[2022/06/28 19:33:48 467] isr        1547 ASR_MSG_AUW,   cloud  
[2022/06/28 19:33:48 467] isr        1559 6400  2  
[2022/06/28 19:33:48 667] isr        1547 ASR_MSG_AUW,   cloud  
[2022/06/28 19:33:48 667] isr        1559 6400  2  
[2022/06/28 19:33:48 868] isr        1547 ASR_MSG_AUW,   cloud  
[2022/06/28 19:33:48 868] isr        1559 6400  2  
[2022/06/28 19:33:49 068] isr        1547 ASR_MSG_AUW,   cloud  
[2022/06/28 19:33:49 068] isr        1559 6400  2  
[2022/06/28 19:33:49 269] isr        1547 ASR_MSG_AUW,   cloud  
[2022/06/28 19:33:49 269] isr        1559 6400  2  
[2022/06/28 19:33:49 469] isr        1547 ASR_MSG_AUW,   cloud  
[2022/06/28 19:33:49 469] isr        1559 6400  2  
[2022/06/28 19:33:49 668] isr        1547 ASR_MSG_AUW,   cloud  
[2022/06/28 19:33:49 668] isr        1559 6400  2  
[2022/06/28 19:33:49 868] isr        1547 ASR_MSG_AUW,   cloud  
[2022/06/28 19:33:49 868] isr        1559 6400  2  
[2022/06/28 19:33:50 066] isr        1547 ASR_MSG_AUW,   cloud  
[2022/06/28 19:33:50 068] isr        1559 6400  2  
[2022/06/28 19:33:50 266] isr        1547 ASR_MSG_AUW,   cloud  
[2022/06/28 19:33:50 267] isr        1559 6400  2  
[2022/06/28 19:33:50 469] isr        1547 ASR_MSG_AUW,   cloud  
[2022/06/28 19:33:50 469] isr        1559 6400  2  
[2022/06/28 19:33:50 667] isr        1547 ASR_MSG_AUW,   cloud  
[2022/06/28 19:33:50 667] isr        1559 6400  2  
[2022/06/28 19:33:50 868] isr        1547 ASR_MSG_AUW,   cloud  
[2022/06/28 19:33:50 868] isr        1559 6400  2  
[2022/06/28 19:33:51 068] isr        1547 ASR_MSG_AUW,   cloud  
[2022/06/28 19:33:51 069] isr        1559 6400  2  
[2022/06/28 19:33:51 269] isr        1547 ASR_MSG_AUW,   cloud  
[2022/06/28 19:33:51 269] isr        1559 6400  2  
[2022/06/28 19:33:51 467] isr        1547 ASR_MSG_AUW,   cloud  
[2022/06/28 19:33:51 467] isr        1559 6400  2  
[2022/06/28 19:33:51 578] isr        1547 ASR_MSG_AUW,   cloud  
[2022/06/28 19:33:51 578] isr        1559 3458  2  
[2022/06/28 19:33:51 592] isr        1547 ASR_MSG_AUW,   cloud  
[2022/06/28 19:33:51 592] isr        1559 0  4  
[2022/06/28 19:33:51 592] isr        1592 aud end, USER  
[2022/06/28 19:33:51 594] isr        1636 ASR_MSG_GRSLT,   cloud  
[2022/06/28 19:33:51 594] isr        1335 0  nil  2  
[2022/06/28 19:33:51 595] isr        854  [aud] speech end  
[2022/06/28 19:33:51 595] isr        798  3  msc  
[2022/06/28 19:33:51 658] isr        700  cloud_status_cb, eps:  3  
[2022/06/28 19:33:51 658] isr        798  3  cloud  
[2022/06/28 19:33:51 660] isr        800  already speech end  
[2022/06/28 19:33:51 661] isr        662  cloud_rslt_cb status =   5  
[2022/06/28 19:33:51 661] isr        641  process_result call:  cloud  nil  5  nil  
[2022/06/28 19:33:51 661] isr        798  3  msc  
[2022/06/28 19:33:51 661] isr        800  already speech end  
[2022/06/28 19:33:51 700] isr        1636 ASR_MSG_GRSLT,   cloud  
[2022/06/28 19:33:51 700] isr        1335 0  nil  5  
[2022/06/28 19:33:51 811] isr        1639 ASR_MSG_SSE,   cloud  
[2022/06/28 19:33:51 811] isr        1356 session_end() [in]  
[2022/06/28 19:33:51 811] isr        1421 cloud_session_end() [in]  
[2022/06/28 19:33:51 812] isr        1488 ns_host=  open.xf-yun.com  
[2022/06/28 19:33:51 812] isr        1498 tick()mod=  1298759640  
[2022/06/28 19:33:51 812] isr        1499 tick()=  1298759640  
[2022/06/28 19:33:51 812] isr        1501 diff=  4297  
[2022/06/28 19:33:51 812] isr        1514 cloud_session_end() [out]  
[2022/06/28 19:33:51 813] isr        1667 isr unload!  
============================================================
Time  2022/06/28 19:34:41 075 
============================================================
[2022/06/28 19:34:41 076] isr        1659 isr loaded!  
[2022/06/28 19:34:41 076] isr        1642 SYS_MSG_REGCB param0 =   msp_status_cb  param1 =   func(36afcb0) 
[2022/06/28 19:34:41 076] isr        1537 ASR_MSG_SSB  
[2022/06/28 19:34:41 076] isr        1066 session_begin() [in], params:   sub = iat, domain = iat, language = zh_cn, accent = mandarin, sample_rate = 16000, result_type = plain, result_encoding = gb2312Íýýýý  nil  
[2022/06/28 19:34:41 076] isr        927  vad_set [in]  
[2022/06/28 19:34:41 078] isr        962  vad_enable :  true  
[2022/06/28 19:34:41 078] isr        980  vad_bos :  10000  
[2022/06/28 19:34:41 078] isr        981  vad_eos :  2000  
[2022/06/28 19:34:41 078] isr        886  enable_vad [in]  
[2022/06/28 19:34:41 078] isr        918  vad enabled!  2000  10000  
[2022/06/28 19:34:41 078] isr        921  enable_vad [out]  
[2022/06/28 19:34:41 078] isr        987  vad_set [out] | ret =  0  
[2022/06/28 19:34:41 078] isr        1187 cur_engine_type =   cloud  
[2022/06/28 19:34:41 078] isr        1001 cloud_session_begin  
[2022/06/28 19:34:41 078] isr        1013 unknown  
[2022/06/28 19:34:41 298] isr        1547 ASR_MSG_AUW,   cloud  
[2022/06/28 19:34:41 299] isr        1559 6400  1  
[2022/06/28 19:34:41 299] isr        1569 once_bytes:   6400  
[2022/06/28 19:34:41 306] isr        851  [aud] speech start  
[2022/06/28 19:34:41 306] isr        798  1  msc  
[2022/06/28 19:34:41 496] isr        1547 ASR_MSG_AUW,   cloud  
[2022/06/28 19:34:41 496] isr        1559 6400  2  
[2022/06/28 19:34:41 578] isr        700  cloud_status_cb, eps:  1  
[2022/06/28 19:34:41 578] isr        798  1  cloud  
[2022/06/28 19:34:41 578] isr        813  cloud eps ignored  
[2022/06/28 19:34:41 694] isr        1547 ASR_MSG_AUW,   cloud  
[2022/06/28 19:34:41 694] isr        1559 6400  2  
[2022/06/28 19:34:41 895] isr        1547 ASR_MSG_AUW,   cloud  
[2022/06/28 19:34:41 895] isr        1559 6400  2  
[2022/06/28 19:34:42 095] isr        1547 ASR_MSG_AUW,   cloud  
[2022/06/28 19:34:42 095] isr        1559 6400  2  
[2022/06/28 19:34:42 296] isr        1547 ASR_MSG_AUW,   cloud  
[2022/06/28 19:34:42 296] isr        1559 6400  2  
[2022/06/28 19:34:42 496] isr        1547 ASR_MSG_AUW,   cloud  
[2022/06/28 19:34:42 496] isr        1559 6400  2  
[2022/06/28 19:34:42 696] isr        1547 ASR_MSG_AUW,   cloud  
[2022/06/28 19:34:42 696] isr        1559 6400  2  
[2022/06/28 19:34:42 894] isr        1547 ASR_MSG_AUW,   cloud  
[2022/06/28 19:34:42 894] isr        1559 6400  2  
[2022/06/28 19:34:43 095] isr        1547 ASR_MSG_AUW,   cloud  
[2022/06/28 19:34:43 095] isr        1559 6400  2  
[2022/06/28 19:34:43 296] isr        1547 ASR_MSG_AUW,   cloud  
[2022/06/28 19:34:43 296] isr        1559 6400  2  
[2022/06/28 19:34:43 496] isr        1547 ASR_MSG_AUW,   cloud  
[2022/06/28 19:34:43 496] isr        1559 6400  2  
[2022/06/28 19:34:43 694] isr        1547 ASR_MSG_AUW,   cloud  
[2022/06/28 19:34:43 696] isr        1559 6400  2  
[2022/06/28 19:34:43 895] isr        1547 ASR_MSG_AUW,   cloud  
[2022/06/28 19:34:43 895] isr        1559 6400  2  
[2022/06/28 19:34:44 095] isr        1547 ASR_MSG_AUW,   cloud  
[2022/06/28 19:34:44 095] isr        1559 6400  2  
[2022/06/28 19:34:44 296] isr        1547 ASR_MSG_AUW,   cloud  
[2022/06/28 19:34:44 296] isr        1559 6400  2  
[2022/06/28 19:34:44 496] isr        1547 ASR_MSG_AUW,   cloud  
[2022/06/28 19:34:44 496] isr        1559 6400  2  
[2022/06/28 19:34:44 696] isr        1547 ASR_MSG_AUW,   cloud  
[2022/06/28 19:34:44 696] isr        1559 6400  2  
[2022/06/28 19:34:44 895] isr        1547 ASR_MSG_AUW,   cloud  
[2022/06/28 19:34:44 895] isr        1559 6400  2  
[2022/06/28 19:34:45 095] isr        1547 ASR_MSG_AUW,   cloud  
[2022/06/28 19:34:45 095] isr        1559 6400  2  
[2022/06/28 19:34:45 296] isr        1547 ASR_MSG_AUW,   cloud  
[2022/06/28 19:34:45 296] isr        1559 6400  2  
[2022/06/28 19:34:45 457] isr        1547 ASR_MSG_AUW,   cloud  
[2022/06/28 19:34:45 457] isr        1559 5058  2  
[2022/06/28 19:34:45 461] isr        1547 ASR_MSG_AUW,   cloud  
[2022/06/28 19:34:45 461] isr        1559 0  4  
[2022/06/28 19:34:45 463] isr        1592 aud end, USER  
[2022/06/28 19:34:45 463] isr        1636 ASR_MSG_GRSLT,   cloud  
[2022/06/28 19:34:45 463] isr        1335 0  nil  2  
[2022/06/28 19:34:45 466] isr        854  [aud] speech end  
[2022/06/28 19:34:45 467] isr        798  3  msc  
[2022/06/28 19:34:45 569] isr        1636 ASR_MSG_GRSLT,   cloud  
[2022/06/28 19:34:45 569] isr        1335 0  nil  2  
[2022/06/28 19:34:45 575] isr        700  cloud_status_cb, eps:  3  
[2022/06/28 19:34:45 576] isr        798  3  cloud  
[2022/06/28 19:34:45 576] isr        800  already speech end  
[2022/06/28 19:34:45 576] isr        662  cloud_rslt_cb status =   0  
[2022/06/28 19:34:45 576] isr        641  process_result call:  cloud  udata(4b69cc8) 0  nil  
[2022/06/28 19:34:45 601] isr        662  cloud_rslt_cb status =   5  
[2022/06/28 19:34:45 601] isr        641  process_result call:  cloud  udata(4b02da8) 5  nil  
[2022/06/28 19:34:45 601] isr        798  3  msc  
[2022/06/28 19:34:45 601] isr        800  already speech end  
[2022/06/28 19:34:45 680] isr        1636 ASR_MSG_GRSLT,   cloud  
[2022/06/28 19:34:45 680] isr        1335 0  udata(4b69cc8) 0  
[2022/06/28 19:34:45 789] isr        1636 ASR_MSG_GRSLT,   cloud  
[2022/06/28 19:34:45 789] isr        1335 0  udata(4b02da8) 5  
[2022/06/28 19:34:45 900] isr        1639 ASR_MSG_SSE,   cloud  
[2022/06/28 19:34:45 900] isr        1356 session_end() [in]  
[2022/06/28 19:34:45 900] isr        1421 cloud_session_end() [in]  
[2022/06/28 19:34:45 901] isr        1488 ns_host=  open.xf-yun.com  
[2022/06/28 19:34:45 901] isr        1498 tick()mod=  1298813718  
[2022/06/28 19:34:45 901] isr        1499 tick()=  1298813718  
[2022/06/28 19:34:45 901] isr        1501 diff=  4578  
[2022/06/28 19:34:45 901] isr        1514 cloud_session_end() [out]  
[2022/06/28 19:34:45 903] isr        1667 isr unload!  
============================================================
Time  2022/06/28 19:35:02 365 
============================================================
[2022/06/28 19:35:02 365] isr        1659 isr loaded!  
[2022/06/28 19:35:02 367] isr        1642 SYS_MSG_REGCB param0 =   msp_status_cb  param1 =   func(2cbf1b0) 
[2022/06/28 19:35:02 367] isr        1537 ASR_MSG_SSB  
[2022/06/28 19:35:02 367] isr        1066 session_begin() [in], params:   sub = iat, domain = iat, language = zh_cn, accent = mandarin, sample_rate = 16000, result_type = plain, result_encoding = gb2312Íýýýý  nil  
[2022/06/28 19:35:02 367] isr        927  vad_set [in]  
[2022/06/28 19:35:02 367] isr        962  vad_enable :  true  
[2022/06/28 19:35:02 367] isr        980  vad_bos :  10000  
[2022/06/28 19:35:02 367] isr        981  vad_eos :  2000  
[2022/06/28 19:35:02 367] isr        886  enable_vad [in]  
[2022/06/28 19:35:02 368] isr        918  vad enabled!  2000  10000  
[2022/06/28 19:35:02 368] isr        921  enable_vad [out]  
[2022/06/28 19:35:02 368] isr        987  vad_set [out] | ret =  0  
[2022/06/28 19:35:02 368] isr        1187 cur_engine_type =   cloud  
[2022/06/28 19:35:02 368] isr        1001 cloud_session_begin  
[2022/06/28 19:35:02 368] isr        1013 unknown  
[2022/06/28 19:35:02 585] isr        1547 ASR_MSG_AUW,   cloud  
[2022/06/28 19:35:02 585] isr        1559 6400  1  
[2022/06/28 19:35:02 585] isr        1569 once_bytes:   6400  
[2022/06/28 19:35:02 588] isr        851  [aud] speech start  
[2022/06/28 19:35:02 588] isr        798  1  msc  
[2022/06/28 19:35:02 785] isr        1547 ASR_MSG_AUW,   cloud  
[2022/06/28 19:35:02 785] isr        1559 6400  2  
[2022/06/28 19:35:02 852] isr        700  cloud_status_cb, eps:  1  
[2022/06/28 19:35:02 852] isr        798  1  cloud  
[2022/06/28 19:35:02 852] isr        813  cloud eps ignored  
[2022/06/28 19:35:02 984] isr        1547 ASR_MSG_AUW,   cloud  
[2022/06/28 19:35:02 984] isr        1559 6400  2  
[2022/06/28 19:35:03 186] isr        1547 ASR_MSG_AUW,   cloud  
[2022/06/28 19:35:03 186] isr        1559 6400  2  
[2022/06/28 19:35:03 385] isr        1547 ASR_MSG_AUW,   cloud  
[2022/06/28 19:35:03 385] isr        1559 6400  2  
[2022/06/28 19:35:03 585] isr        1547 ASR_MSG_AUW,   cloud  
[2022/06/28 19:35:03 585] isr        1559 6400  2  
[2022/06/28 19:35:03 786] isr        1547 ASR_MSG_AUW,   cloud  
[2022/06/28 19:35:03 786] isr        1559 6400  2  
[2022/06/28 19:35:03 984] isr        1547 ASR_MSG_AUW,   cloud  
[2022/06/28 19:35:03 984] isr        1559 6400  2  
[2022/06/28 19:35:04 184] isr        1547 ASR_MSG_AUW,   cloud  
[2022/06/28 19:35:04 186] isr        1559 6400  2  
[2022/06/28 19:35:04 384] isr        1547 ASR_MSG_AUW,   cloud  
[2022/06/28 19:35:04 385] isr        1559 6400  2  
[2022/06/28 19:35:04 585] isr        1547 ASR_MSG_AUW,   cloud  
[2022/06/28 19:35:04 585] isr        1559 6400  2  
[2022/06/28 19:35:04 786] isr        1547 ASR_MSG_AUW,   cloud  
[2022/06/28 19:35:04 786] isr        1559 6400  2  
[2022/06/28 19:35:04 815] isr        1547 ASR_MSG_AUW,   cloud  
[2022/06/28 19:35:04 815] isr        1559 898  2  
[2022/06/28 19:35:04 825] isr        1547 ASR_MSG_AUW,   cloud  
[2022/06/28 19:35:04 825] isr        1559 0  4  
[2022/06/28 19:35:04 825] isr        1592 aud end, USER  
[2022/06/28 19:35:04 826] isr        1636 ASR_MSG_GRSLT,   cloud  
[2022/06/28 19:35:04 826] isr        1335 0  nil  2  
[2022/06/28 19:35:04 831] isr        854  [aud] speech end  
[2022/06/28 19:35:04 832] isr        798  3  msc  
[2022/06/28 19:35:04 934] isr        1636 ASR_MSG_GRSLT,   cloud  
[2022/06/28 19:35:04 934] isr        1335 0  nil  2  
[2022/06/28 19:35:05 009] isr        700  cloud_status_cb, eps:  3  
[2022/06/28 19:35:05 009] isr        798  3  cloud  
[2022/06/28 19:35:05 009] isr        800  already speech end  
[2022/06/28 19:35:05 012] isr        662  cloud_rslt_cb status =   5  
[2022/06/28 19:35:05 012] isr        641  process_result call:  cloud  udata(41e17d8) 5  nil  
[2022/06/28 19:35:05 012] isr        798  3  msc  
[2022/06/28 19:35:05 012] isr        800  already speech end  
[2022/06/28 19:35:05 043] isr        1636 ASR_MSG_GRSLT,   cloud  
[2022/06/28 19:35:05 043] isr        1335 0  udata(41e17d8) 5  
[2022/06/28 19:35:05 154] isr        1639 ASR_MSG_SSE,   cloud  
[2022/06/28 19:35:05 154] isr        1356 session_end() [in]  
[2022/06/28 19:35:05 154] isr        1421 cloud_session_end() [in]  
[2022/06/28 19:35:05 155] isr        1488 ns_host=  open.xf-yun.com  
[2022/06/28 19:35:05 155] isr        1498 tick()mod=  1298832984  
[2022/06/28 19:35:05 155] isr        1499 tick()=  1298832984  
[2022/06/28 19:35:05 155] isr        1501 diff=  2516  
[2022/06/28 19:35:05 155] isr        1514 cloud_session_end() [out]  
[2022/06/28 19:35:05 157] isr        1667 isr unload!  
============================================================
Time  2022/06/28 19:35:09 628 
============================================================
[2022/06/28 19:35:09 628] isr        1659 isr loaded!  
[2022/06/28 19:35:09 630] isr        1642 SYS_MSG_REGCB param0 =   msp_status_cb  param1 =   func(2c6c9c0) 
[2022/06/28 19:35:09 630] isr        1537 ASR_MSG_SSB  
[2022/06/28 19:35:09 630] isr        1066 session_begin() [in], params:   sub = iat, domain = iat, language = zh_cn, accent = mandarin, sample_rate = 16000, result_type = plain, result_encoding = gb2312Íýýýý  nil  
[2022/06/28 19:35:09 630] isr        927  vad_set [in]  
[2022/06/28 19:35:09 630] isr        962  vad_enable :  true  
[2022/06/28 19:35:09 630] isr        980  vad_bos :  10000  
[2022/06/28 19:35:09 630] isr        981  vad_eos :  2000  
[2022/06/28 19:35:09 630] isr        886  enable_vad [in]  
[2022/06/28 19:35:09 631] isr        918  vad enabled!  2000  10000  
[2022/06/28 19:35:09 631] isr        921  enable_vad [out]  
[2022/06/28 19:35:09 631] isr        987  vad_set [out] | ret =  0  
[2022/06/28 19:35:09 631] isr        1187 cur_engine_type =   cloud  
[2022/06/28 19:35:09 631] isr        1001 cloud_session_begin  
[2022/06/28 19:35:09 631] isr        1013 unknown  
[2022/06/28 19:35:09 825] isr        1547 ASR_MSG_AUW,   cloud  
[2022/06/28 19:35:09 825] isr        1559 6400  1  
[2022/06/28 19:35:09 825] isr        1569 once_bytes:   6400  
[2022/06/28 19:35:09 828] isr        851  [aud] speech start  
[2022/06/28 19:35:09 828] isr        798  1  msc  
[2022/06/28 19:35:10 025] isr        1547 ASR_MSG_AUW,   cloud  
[2022/06/28 19:35:10 025] isr        1559 6400  2  
[2022/06/28 19:35:10 094] isr        700  cloud_status_cb, eps:  1  
[2022/06/28 19:35:10 094] isr        798  1  cloud  
[2022/06/28 19:35:10 095] isr        813  cloud eps ignored  
[2022/06/28 19:35:10 224] isr        1547 ASR_MSG_AUW,   cloud  
[2022/06/28 19:35:10 224] isr        1559 6400  2  
[2022/06/28 19:35:10 426] isr        1547 ASR_MSG_AUW,   cloud  
[2022/06/28 19:35:10 426] isr        1559 6400  2  
[2022/06/28 19:35:10 625] isr        1547 ASR_MSG_AUW,   cloud  
[2022/06/28 19:35:10 625] isr        1559 6400  2  
[2022/06/28 19:35:10 825] isr        1547 ASR_MSG_AUW,   cloud  
[2022/06/28 19:35:10 825] isr        1559 6400  2  
[2022/06/28 19:35:11 023] isr        1547 ASR_MSG_AUW,   cloud  
[2022/06/28 19:35:11 025] isr        1559 6400  2  
[2022/06/28 19:35:11 224] isr        1547 ASR_MSG_AUW,   cloud  
[2022/06/28 19:35:11 224] isr        1559 6400  2  
[2022/06/28 19:35:11 424] isr        1547 ASR_MSG_AUW,   cloud  
[2022/06/28 19:35:11 424] isr        1559 6400  2  
[2022/06/28 19:35:11 625] isr        1547 ASR_MSG_AUW,   cloud  
[2022/06/28 19:35:11 625] isr        1559 6400  2  
[2022/06/28 19:35:11 825] isr        1547 ASR_MSG_AUW,   cloud  
[2022/06/28 19:35:11 825] isr        1559 6400  2  
[2022/06/28 19:35:12 025] isr        1547 ASR_MSG_AUW,   cloud  
[2022/06/28 19:35:12 025] isr        1559 6400  2  
[2022/06/28 19:35:12 125] isr        1547 ASR_MSG_AUW,   cloud  
[2022/06/28 19:35:12 127] isr        1559 2880  2  
[2022/06/28 19:35:12 138] isr        1547 ASR_MSG_AUW,   cloud  
[2022/06/28 19:35:12 138] isr        1559 0  4  
[2022/06/28 19:35:12 140] isr        1592 aud end, USER  
[2022/06/28 19:35:12 141] isr        1636 ASR_MSG_GRSLT,   cloud  
[2022/06/28 19:35:12 141] isr        1335 0  nil  2  
[2022/06/28 19:35:12 142] isr        854  [aud] speech end  
[2022/06/28 19:35:12 142] isr        798  3  msc  
[2022/06/28 19:35:12 206] isr        700  cloud_status_cb, eps:  3  
[2022/06/28 19:35:12 206] isr        798  3  cloud  
[2022/06/28 19:35:12 207] isr        800  already speech end  
[2022/06/28 19:35:12 210] isr        662  cloud_rslt_cb status =   5  
[2022/06/28 19:35:12 210] isr        641  process_result call:  cloud  nil  5  nil  
[2022/06/28 19:35:12 210] isr        798  3  msc  
[2022/06/28 19:35:12 210] isr        800  already speech end  
[2022/06/28 19:35:12 244] isr        1636 ASR_MSG_GRSLT,   cloud  
[2022/06/28 19:35:12 244] isr        1335 0  nil  5  
[2022/06/28 19:35:12 354] isr        1639 ASR_MSG_SSE,   cloud  
[2022/06/28 19:35:12 354] isr        1356 session_end() [in]  
[2022/06/28 19:35:12 354] isr        1421 cloud_session_end() [in]  
[2022/06/28 19:35:12 355] isr        1488 ns_host=  open.xf-yun.com  
[2022/06/28 19:35:12 355] isr        1498 tick()mod=  1298840171  
[2022/06/28 19:35:12 355] isr        1499 tick()=  1298840171  
[2022/06/28 19:35:12 355] isr        1501 diff=  9703  
[2022/06/28 19:35:12 355] isr        1514 cloud_session_end() [out]  
[2022/06/28 19:35:12 357] isr        1667 isr unload!  
============================================================
Time  2022/06/28 19:35:34 532 
============================================================
[2022/06/28 19:35:34 532] isr        1659 isr loaded!  
[2022/06/28 19:35:34 532] isr        1642 SYS_MSG_REGCB param0 =   msp_status_cb  param1 =   func(309fa30) 
[2022/06/28 19:35:34 532] isr        1537 ASR_MSG_SSB  
[2022/06/28 19:35:34 532] isr        1066 session_begin() [in], params:   sub = iat, domain = iat, language = zh_cn, accent = mandarin, sample_rate = 16000, result_type = plain, result_encoding = gb2312Íýýýý  nil  
[2022/06/28 19:35:34 533] isr        927  vad_set [in]  
[2022/06/28 19:35:34 533] isr        962  vad_enable :  true  
[2022/06/28 19:35:34 533] isr        980  vad_bos :  10000  
[2022/06/28 19:35:34 533] isr        981  vad_eos :  2000  
[2022/06/28 19:35:34 533] isr        886  enable_vad [in]  
[2022/06/28 19:35:34 535] isr        918  vad enabled!  2000  10000  
[2022/06/28 19:35:34 535] isr        921  enable_vad [out]  
[2022/06/28 19:35:34 535] isr        987  vad_set [out] | ret =  0  
[2022/06/28 19:35:34 535] isr        1187 cur_engine_type =   cloud  
[2022/06/28 19:35:34 535] isr        1001 cloud_session_begin  
[2022/06/28 19:35:34 535] isr        1013 unknown  
[2022/06/28 19:35:34 750] isr        1547 ASR_MSG_AUW,   cloud  
[2022/06/28 19:35:34 750] isr        1559 6400  1  
[2022/06/28 19:35:34 750] isr        1569 once_bytes:   6400  
[2022/06/28 19:35:34 753] isr        851  [aud] speech start  
[2022/06/28 19:35:34 753] isr        798  1  msc  
[2022/06/28 19:35:34 950] isr        1547 ASR_MSG_AUW,   cloud  
[2022/06/28 19:35:34 950] isr        1559 6400  2  
[2022/06/28 19:35:35 028] isr        700  cloud_status_cb, eps:  1  
[2022/06/28 19:35:35 028] isr        798  1  cloud  
[2022/06/28 19:35:35 028] isr        813  cloud eps ignored  
[2022/06/28 19:35:35 151] isr        1547 ASR_MSG_AUW,   cloud  
[2022/06/28 19:35:35 151] isr        1559 6400  2  
[2022/06/28 19:35:35 351] isr        1547 ASR_MSG_AUW,   cloud  
[2022/06/28 19:35:35 351] isr        1559 6400  2  
[2022/06/28 19:35:35 552] isr        1547 ASR_MSG_AUW,   cloud  
[2022/06/28 19:35:35 552] isr        1559 6400  2  
[2022/06/28 19:35:35 752] isr        1547 ASR_MSG_AUW,   cloud  
[2022/06/28 19:35:35 752] isr        1559 6400  2  
[2022/06/28 19:35:35 951] isr        1547 ASR_MSG_AUW,   cloud  
[2022/06/28 19:35:35 951] isr        1559 6400  2  
[2022/06/28 19:35:36 151] isr        1547 ASR_MSG_AUW,   cloud  
[2022/06/28 19:35:36 151] isr        1559 6400  2  
[2022/06/28 19:35:36 351] isr        1547 ASR_MSG_AUW,   cloud  
[2022/06/28 19:35:36 351] isr        1559 6400  2  
[2022/06/28 19:35:36 551] isr        1547 ASR_MSG_AUW,   cloud  
[2022/06/28 19:35:36 552] isr        1559 6400  2  
[2022/06/28 19:35:36 752] isr        1547 ASR_MSG_AUW,   cloud  
[2022/06/28 19:35:36 752] isr        1559 6400  2  
[2022/06/28 19:35:36 951] isr        1547 ASR_MSG_AUW,   cloud  
[2022/06/28 19:35:36 951] isr        1559 6400  2  
[2022/06/28 19:35:37 151] isr        1547 ASR_MSG_AUW,   cloud  
[2022/06/28 19:35:37 151] isr        1559 6400  2  
[2022/06/28 19:35:37 351] isr        1547 ASR_MSG_AUW,   cloud  
[2022/06/28 19:35:37 351] isr        1559 6400  2  
[2022/06/28 19:35:37 552] isr        1547 ASR_MSG_AUW,   cloud  
[2022/06/28 19:35:37 552] isr        1559 6400  2  
[2022/06/28 19:35:37 752] isr        1547 ASR_MSG_AUW,   cloud  
[2022/06/28 19:35:37 752] isr        1559 6400  2  
[2022/06/28 19:35:37 842] isr        1547 ASR_MSG_AUW,   cloud  
[2022/06/28 19:35:37 842] isr        1559 2818  2  
[2022/06/28 19:35:37 854] isr        1547 ASR_MSG_AUW,   cloud  
[2022/06/28 19:35:37 855] isr        1559 0  4  
[2022/06/28 19:35:37 855] isr        1592 aud end, USER  
[2022/06/28 19:35:37 858] isr        854  [aud] speech end  
[2022/06/28 19:35:37 859] isr        798  3  msc  
[2022/06/28 19:35:37 861] isr        1636 ASR_MSG_GRSLT,   cloud  
[2022/06/28 19:35:37 861] isr        1335 0  nil  2  
[2022/06/28 19:35:37 961] isr        1636 ASR_MSG_GRSLT,   cloud  
[2022/06/28 19:35:37 961] isr        1335 0  nil  2  
[2022/06/28 19:35:37 976] isr        700  cloud_status_cb, eps:  3  
[2022/06/28 19:35:37 976] isr        798  3  cloud  
[2022/06/28 19:35:37 976] isr        800  already speech end  
[2022/06/28 19:35:37 979] isr        662  cloud_rslt_cb status =   5  
[2022/06/28 19:35:37 979] isr        641  process_result call:  cloud  udata(4910898) 5  nil  
[2022/06/28 19:35:37 979] isr        798  3  msc  
[2022/06/28 19:35:37 979] isr        800  already speech end  
[2022/06/28 19:35:38 072] isr        1636 ASR_MSG_GRSLT,   cloud  
[2022/06/28 19:35:38 072] isr        1335 0  udata(4910898) 5  
[2022/06/28 19:35:38 184] isr        1639 ASR_MSG_SSE,   cloud  
[2022/06/28 19:35:38 184] isr        1356 session_end() [in]  
[2022/06/28 19:35:38 184] isr        1421 cloud_session_end() [in]  
[2022/06/28 19:35:38 186] isr        1488 ns_host=  open.xf-yun.com  
[2022/06/28 19:35:38 186] isr        1498 tick()mod=  1298866015  
[2022/06/28 19:35:38 186] isr        1499 tick()=  1298866015  
[2022/06/28 19:35:38 186] isr        1501 diff=  3500  
[2022/06/28 19:35:38 186] isr        1514 cloud_session_end() [out]  
[2022/06/28 19:35:38 187] isr        1667 isr unload!  
============================================================
Time  2022/06/28 19:35:39 915 
============================================================
[2022/06/28 19:35:39 915] isr        1659 isr loaded!  
[2022/06/28 19:35:39 915] isr        1642 SYS_MSG_REGCB param0 =   msp_status_cb  param1 =   func(494e1e8) 
[2022/06/28 19:35:39 915] isr        1537 ASR_MSG_SSB  
[2022/06/28 19:35:39 915] isr        1066 session_begin() [in], params:   sub = iat, domain = iat, language = zh_cn, accent = mandarin, sample_rate = 16000, result_type = plain, result_encoding = gb2312Íýýýý  nil  
[2022/06/28 19:35:39 917] isr        927  vad_set [in]  
[2022/06/28 19:35:39 917] isr        962  vad_enable :  true  
[2022/06/28 19:35:39 917] isr        980  vad_bos :  10000  
[2022/06/28 19:35:39 917] isr        981  vad_eos :  2000  
[2022/06/28 19:35:39 917] isr        886  enable_vad [in]  
[2022/06/28 19:35:39 917] isr        918  vad enabled!  2000  10000  
[2022/06/28 19:35:39 917] isr        921  enable_vad [out]  
[2022/06/28 19:35:39 917] isr        987  vad_set [out] | ret =  0  
[2022/06/28 19:35:39 917] isr        1187 cur_engine_type =   cloud  
[2022/06/28 19:35:39 917] isr        1001 cloud_session_begin  
[2022/06/28 19:35:39 917] isr        1013 unknown  
[2022/06/28 19:35:40 111] isr        1547 ASR_MSG_AUW,   cloud  
[2022/06/28 19:35:40 111] isr        1559 6400  1  
[2022/06/28 19:35:40 111] isr        1569 once_bytes:   6400  
[2022/06/28 19:35:40 114] isr        851  [aud] speech start  
[2022/06/28 19:35:40 115] isr        798  1  msc  
[2022/06/28 19:35:40 312] isr        1547 ASR_MSG_AUW,   cloud  
[2022/06/28 19:35:40 312] isr        1559 6400  2  
[2022/06/28 19:35:40 400] isr        700  cloud_status_cb, eps:  1  
[2022/06/28 19:35:40 400] isr        798  1  cloud  
[2022/06/28 19:35:40 400] isr        813  cloud eps ignored  
[2022/06/28 19:35:40 510] isr        1547 ASR_MSG_AUW,   cloud  
[2022/06/28 19:35:40 512] isr        1559 6400  2  
[2022/06/28 19:35:40 711] isr        1547 ASR_MSG_AUW,   cloud  
[2022/06/28 19:35:40 711] isr        1559 6400  2  
[2022/06/28 19:35:40 913] isr        1547 ASR_MSG_AUW,   cloud  
[2022/06/28 19:35:40 913] isr        1559 6400  2  
[2022/06/28 19:35:41 112] isr        1547 ASR_MSG_AUW,   cloud  
[2022/06/28 19:35:41 112] isr        1559 6400  2  
[2022/06/28 19:35:41 312] isr        1547 ASR_MSG_AUW,   cloud  
[2022/06/28 19:35:41 312] isr        1559 6400  2  
[2022/06/28 19:35:41 513] isr        1547 ASR_MSG_AUW,   cloud  
[2022/06/28 19:35:41 513] isr        1559 6400  2  
[2022/06/28 19:35:41 711] isr        1547 ASR_MSG_AUW,   cloud  
[2022/06/28 19:35:41 711] isr        1559 6400  2  
[2022/06/28 19:35:41 911] isr        1547 ASR_MSG_AUW,   cloud  
[2022/06/28 19:35:41 911] isr        1559 6400  2  
[2022/06/28 19:35:42 111] isr        1547 ASR_MSG_AUW,   cloud  
[2022/06/28 19:35:42 112] isr        1559 6400  2  
[2022/06/28 19:35:42 312] isr        1547 ASR_MSG_AUW,   cloud  
[2022/06/28 19:35:42 312] isr        1559 6400  2  
[2022/06/28 19:35:42 512] isr        1547 ASR_MSG_AUW,   cloud  
[2022/06/28 19:35:42 512] isr        1559 6400  2  
[2022/06/28 19:35:42 711] isr        1547 ASR_MSG_AUW,   cloud  
[2022/06/28 19:35:42 711] isr        1559 6400  2  
[2022/06/28 19:35:42 852] isr        1547 ASR_MSG_AUW,   cloud  
[2022/06/28 19:35:42 852] isr        1559 4160  2  
[2022/06/28 19:35:42 858] isr        1547 ASR_MSG_AUW,   cloud  
[2022/06/28 19:35:42 858] isr        1559 0  4  
[2022/06/28 19:35:42 859] isr        1592 aud end, USER  
[2022/06/28 19:35:42 859] isr        1636 ASR_MSG_GRSLT,   cloud  
[2022/06/28 19:35:42 861] isr        1335 0  nil  2  
[2022/06/28 19:35:42 862] isr        854  [aud] speech end  
[2022/06/28 19:35:42 864] isr        798  3  msc  
[2022/06/28 19:35:42 967] isr        1636 ASR_MSG_GRSLT,   cloud  
[2022/06/28 19:35:42 967] isr        1335 0  nil  2  
[2022/06/28 19:35:43 068] isr        700  cloud_status_cb, eps:  3  
[2022/06/28 19:35:43 068] isr        798  3  cloud  
[2022/06/28 19:35:43 068] isr        800  already speech end  
[2022/06/28 19:35:43 069] isr        662  cloud_rslt_cb status =   5  
[2022/06/28 19:35:43 069] isr        641  process_result call:  cloud  udata(49dd380) 5  nil  
[2022/06/28 19:35:43 069] isr        798  3  msc  
[2022/06/28 19:35:43 069] isr        800  already speech end  
[2022/06/28 19:35:43 078] isr        1636 ASR_MSG_GRSLT,   cloud  
[2022/06/28 19:35:43 078] isr        1335 0  udata(49dd380) 5  
[2022/06/28 19:35:43 186] isr        1639 ASR_MSG_SSE,   cloud  
[2022/06/28 19:35:43 186] isr        1356 session_end() [in]  
[2022/06/28 19:35:43 186] isr        1421 cloud_session_end() [in]  
[2022/06/28 19:35:43 187] isr        1488 ns_host=  open.xf-yun.com  
[2022/06/28 19:35:43 187] isr        1498 tick()mod=  1298871015  
[2022/06/28 19:35:43 187] isr        1499 tick()=  1298871015  
[2022/06/28 19:35:43 187] isr        1501 diff=  8500  
[2022/06/28 19:35:43 187] isr        1514 cloud_session_end() [out]  
[2022/06/28 19:35:43 188] isr        1667 isr unload!  
============================================================
Time  2022/06/28 19:35:45 811 
============================================================
[2022/06/28 19:35:45 812] isr        1659 isr loaded!  
[2022/06/28 19:35:45 812] isr        1642 SYS_MSG_REGCB param0 =   msp_status_cb  param1 =   func(48639a8) 
[2022/06/28 19:35:45 812] isr        1537 ASR_MSG_SSB  
[2022/06/28 19:35:45 812] isr        1066 session_begin() [in], params:   sub = iat, domain = iat, language = zh_cn, accent = mandarin, sample_rate = 16000, result_type = plain, result_encoding = gb2312Íýýýý  nil  
[2022/06/28 19:35:45 812] isr        927  vad_set [in]  
[2022/06/28 19:35:45 812] isr        962  vad_enable :  true  
[2022/06/28 19:35:45 812] isr        980  vad_bos :  10000  
[2022/06/28 19:35:45 812] isr        981  vad_eos :  2000  
[2022/06/28 19:35:45 812] isr        886  enable_vad [in]  
[2022/06/28 19:35:45 812] isr        918  vad enabled!  2000  10000  
[2022/06/28 19:35:45 812] isr        921  enable_vad [out]  
[2022/06/28 19:35:45 813] isr        987  vad_set [out] | ret =  0  
[2022/06/28 19:35:45 813] isr        1187 cur_engine_type =   cloud  
[2022/06/28 19:35:45 813] isr        1001 cloud_session_begin  
[2022/06/28 19:35:45 813] isr        1013 unknown  
[2022/06/28 19:35:46 009] isr        1547 ASR_MSG_AUW,   cloud  
[2022/06/28 19:35:46 009] isr        1559 6400  1  
[2022/06/28 19:35:46 009] isr        1569 once_bytes:   6400  
[2022/06/28 19:35:46 012] isr        851  [aud] speech start  
[2022/06/28 19:35:46 012] isr        798  1  msc  
[2022/06/28 19:35:46 209] isr        1547 ASR_MSG_AUW,   cloud  
[2022/06/28 19:35:46 209] isr        1559 6400  2  
[2022/06/28 19:35:46 289] isr        700  cloud_status_cb, eps:  1  
[2022/06/28 19:35:46 289] isr        798  1  cloud  
[2022/06/28 19:35:46 289] isr        813  cloud eps ignored  
[2022/06/28 19:35:46 408] isr        1547 ASR_MSG_AUW,   cloud  
[2022/06/28 19:35:46 408] isr        1559 6400  2  
[2022/06/28 19:35:46 608] isr        1547 ASR_MSG_AUW,   cloud  
[2022/06/28 19:35:46 608] isr        1559 6400  2  
[2022/06/28 19:35:46 808] isr        1547 ASR_MSG_AUW,   cloud  
[2022/06/28 19:35:46 808] isr        1559 6400  2  
[2022/06/28 19:35:47 007] isr        1547 ASR_MSG_AUW,   cloud  
[2022/06/28 19:35:47 007] isr        1559 6400  2  
[2022/06/28 19:35:47 207] isr        1547 ASR_MSG_AUW,   cloud  
[2022/06/28 19:35:47 207] isr        1559 6400  2  
[2022/06/28 19:35:47 408] isr        1547 ASR_MSG_AUW,   cloud  
[2022/06/28 19:35:47 408] isr        1559 6400  2  
[2022/06/28 19:35:47 608] isr        1547 ASR_MSG_AUW,   cloud  
[2022/06/28 19:35:47 608] isr        1559 6400  2  
[2022/06/28 19:35:47 809] isr        1547 ASR_MSG_AUW,   cloud  
[2022/06/28 19:35:47 809] isr        1559 6400  2  
[2022/06/28 19:35:48 007] isr        1547 ASR_MSG_AUW,   cloud  
[2022/06/28 19:35:48 007] isr        1559 6400  2  
[2022/06/28 19:35:48 210] isr        1547 ASR_MSG_AUW,   cloud  
[2022/06/28 19:35:48 210] isr        1559 6400  2  
[2022/06/28 19:35:48 407] isr        1547 ASR_MSG_AUW,   cloud  
[2022/06/28 19:35:48 407] isr        1559 6400  2  
[2022/06/28 19:35:48 469] isr        1547 ASR_MSG_AUW,   cloud  
[2022/06/28 19:35:48 469] isr        1559 1600  2  
[2022/06/28 19:35:48 473] isr        1547 ASR_MSG_AUW,   cloud  
[2022/06/28 19:35:48 473] isr        1559 0  4  
[2022/06/28 19:35:48 473] isr        1592 aud end, USER  
[2022/06/28 19:35:48 474] isr        1636 ASR_MSG_GRSLT,   cloud  
[2022/06/28 19:35:48 474] isr        1335 0  nil  2  
[2022/06/28 19:35:48 477] isr        854  [aud] speech end  
[2022/06/28 19:35:48 479] isr        798  3  msc  
[2022/06/28 19:35:48 582] isr        1636 ASR_MSG_GRSLT,   cloud  
[2022/06/28 19:35:48 582] isr        1335 0  nil  2  
[2022/06/28 19:35:48 691] isr        1636 ASR_MSG_GRSLT,   cloud  
[2022/06/28 19:35:48 691] isr        1335 0  nil  2  
[2022/06/28 19:35:48 700] isr        700  cloud_status_cb, eps:  3  
[2022/06/28 19:35:48 700] isr        798  3  cloud  
[2022/06/28 19:35:48 700] isr        800  already speech end  
[2022/06/28 19:35:48 703] isr        662  cloud_rslt_cb status =   5  
[2022/06/28 19:35:48 703] isr        641  process_result call:  cloud  udata(487e4f0) 5  nil  
[2022/06/28 19:35:48 703] isr        798  3  msc  
[2022/06/28 19:35:48 703] isr        800  already speech end  
[2022/06/28 19:35:48 801] isr        1636 ASR_MSG_GRSLT,   cloud  
[2022/06/28 19:35:48 801] isr        1335 0  udata(487e4f0) 5  
[2022/06/28 19:35:48 911] isr        1639 ASR_MSG_SSE,   cloud  
[2022/06/28 19:35:48 911] isr        1356 session_end() [in]  
[2022/06/28 19:35:48 911] isr        1421 cloud_session_end() [in]  
[2022/06/28 19:35:48 913] isr        1488 ns_host=  open.xf-yun.com  
[2022/06/28 19:35:48 913] isr        1498 tick()mod=  1298876734  
[2022/06/28 19:35:48 914] isr        1499 tick()=  1298876734  
[2022/06/28 19:35:48 914] isr        1501 diff=  14219  
[2022/06/28 19:35:48 914] isr        1514 cloud_session_end() [out]  
[2022/06/28 19:35:48 914] isr        1667 isr unload!  
